2026-02-24 10:35:27,135 [INFO] [1/271] Adimali APMC (10.0129, 76.9569)
2026-02-24 10:35:35,341 [INFO] [2/271] Adimali VFPCK APMC (10.0129, 76.9569)
2026-02-24 10:35:40,306 [INFO] [3/271] Adithyapuram  VFPCK APMC (10.8767, 76.4457)
2026-02-24 10:35:50,859 [INFO] [4/271] Agali VFPCK APMC (11.1057, 76.6548)
2026-02-24 10:36:00,419 [INFO] [5/271] Alacode  VFPCK APMC (12.2233, 75.5020)
2026-02-24 10:36:11,070 [INFO] [6/271] Alappuzha APMC (9.5003, 76.4123)
2026-02-24 10:36:14,630 [INFO] [7/271] Alenellur  VFPCK APMC (10.3529, 76.5120)
2026-02-24 10:36:20,493 [INFO] [8/271] Alengad  VFPCK APMC (10.4573, 76.3076)
2026-02-24 10:36:31,849 [INFO] [9/271] Aluva APMC (10.1078, 76.3569)
2026-02-24 10:36:36,401 [INFO] [10/271] Amalapuram  VFPCK APMC (16.5777, 82.0033)
2026-02-24 10:36:39,728 [INFO] [11/271] Amballur  VFPCK APMC (9.8589, 76.4021)
2026-02-24 10:36:45,729 [INFO] [12/271] Anchal APMC (8.9293, 76.9065)
2026-02-24 10:36:49,772 [INFO] [13/271] Anchal VFPCK APMC (8.9293, 76.9065)
2026-02-24 10:36:53,689 [INFO] [14/271] Angadippuram VFPCK APMC (10.9764, 76.2013)
2026-02-24 10:36:57,464 [INFO] [15/271] Angamaly APMC (10.1910, 76.3874)
2026-02-24 10:37:00,706 [INFO] [16/271] Annamanada  VFPCK APMC (10.2348, 76.3309)
2026-02-24 10:37:07,954 [INFO] [17/271] Anyara(EEC) APMC (10.3529, 76.5120)
2026-02-24 10:37:11,194 [INFO] [18/271] Aroor APMC (9.8783, 76.3039)
2026-02-24 10:37:14,819 [INFO] [19/271] Aryanad VFPCK APMC (8.5796, 77.0844)
2026-02-24 10:37:23,685 [INFO] [20/271] Athanikkal VFPCK APMC (11.1177, 76.0482)
2026-02-24 10:37:29,190 [INFO] [21/271] Athirampuzha APMC (9.6678, 76.5329)
2026-02-24 10:37:32,192 [INFO] [22/271] Athiyannur VFPCK APMC (8.3935, 77.0614)
2026-02-24 10:37:36,282 [INFO] [23/271] Attingal APMC (8.6986, 76.8134)
2026-02-24 10:38:06,753 [WARNING]   Attempt 1 error: HTTPSConnectionPool(host='archive-api.open-meteo.com', port=443): Read timed out. (read timeout=30)
2026-02-24 10:38:11,066 [INFO] [24/271] Avarma  VFPCK APMC (9.8339, 76.5135)
2026-02-24 10:38:13,968 [INFO] [25/271] Aymanam VFPCK APMC (9.6121, 76.4998)
2026-02-24 10:38:16,331 [INFO] [26/271] Balaramapuram  VFPCK APMC (8.4248, 77.0458)
2026-02-24 10:38:19,741 [INFO] [27/271] Balarampuram APMC (8.4282, 77.0408)
2026-02-24 10:38:22,714 [INFO] [28/271] Bharananganam APMC (9.7003, 76.7271)
2026-02-24 10:38:24,654 [INFO] [29/271] Chala APMC (8.4831, 76.9522)
2026-02-24 10:38:27,128 [INFO] [30/271] Chalakudy APMC (10.3042, 76.3371)
2026-02-24 10:38:29,284 [INFO] [31/271] Chathanoor APMC (8.8635, 76.7161)
2026-02-24 10:38:31,887 [INFO] [32/271] Chavakkad APMC (10.5693, 76.0091)
2026-02-24 10:38:34,450 [INFO] [33/271] Chavassery VFPCK APMC (11.9464, 75.6091)
2026-02-24 10:38:37,580 [INFO] [34/271] Chazhur VFPCK APMC (10.4345, 76.1550)
2026-02-24 10:38:41,376 [INFO] [35/271] Cheeral VFPCK APMC (11.6098, 76.3148)
2026-02-24 10:38:44,453 [INFO] [36/271] Chelakkara VFPCK APMC (10.6943, 76.3396)
2026-02-24 10:38:46,954 [INFO] [37/271] Chengamanad  VFPCK APMC (10.1360, 76.3541)
2026-02-24 10:38:49,212 [INFO] [38/271] Chenkal  VFPCK APMC (9.5651, 76.7307)
2026-02-24 10:38:51,765 [INFO] [39/271] Cherthala APMC (9.6861, 76.3417)
2026-02-24 10:38:54,620 [INFO] [40/271] Chittar  VFPCK APMC (9.3299, 76.9258)
2026-02-24 10:38:56,627 [INFO] [41/271] Chungathara VFPCK APMC (11.3338, 76.2757)
2026-02-24 10:38:59,631 [INFO] [42/271] Edackattuvayal  VFPCK APMC (10.3529, 76.5120)
2026-02-24 10:39:01,865 [INFO] [43/271] Edamon VFPCK APMC (9.0031, 76.9826)
2026-02-24 10:39:04,108 [INFO] [44/271] Elamad  VFPCK APMC (8.8978, 76.8354)
2026-02-24 10:39:06,420 [INFO] [45/271] Elamkulam VFPCK APMC (9.9689, 76.3003)
2026-02-24 10:39:08,725 [INFO] [46/271] Elamkur  VFPCK APMC (10.3529, 76.5120)
2026-02-24 10:39:10,912 [INFO] [47/271] Elanad  VFPCK APMC (10.6131, 76.4001)
2026-02-24 10:39:12,994 [INFO] [48/271] Enadimangalam VFPCK APMC (9.1342, 76.8113)
2026-02-24 10:39:15,893 [INFO] [49/271] Erath  VFPCK APMC (8.7906, 76.7309)
2026-02-24 10:39:19,716 [INFO] [50/271] Ernakulam APMC (9.9837, 76.2740)
2026-02-24 10:39:21,638 [INFO] [51/271] Errattayar VFPCK APMC (10.3529, 76.5120)
2026-02-24 10:39:24,152 [INFO] [52/271] Ettumanoor APMC (9.6736, 76.5609)
2026-02-24 10:39:26,124 [INFO] [53/271] Ettumanoor VFPCK APMC (9.6736, 76.5609)
2026-02-24 10:39:28,753 [INFO] [54/271] Ezhamkulam APMC (9.1535, 76.7712)
2026-02-24 10:39:31,410 [INFO] [55/271] Ezhamkulam VFPCK APMC (9.1535, 76.7712)
2026-02-24 10:39:33,561 [INFO] [56/271] Harippad APMC (9.2932, 76.4147)
2026-02-24 10:39:35,705 [INFO] [57/271] Inchakkad VFPCK APMC (9.0379, 76.7757)
2026-02-24 10:39:37,646 [INFO] [58/271] Irikkur APMC (12.0519, 75.6314)
2026-02-24 10:39:40,076 [INFO] [59/271] Irinjalakkuda APMC (10.3815, 76.1748)
2026-02-24 10:39:42,224 [INFO] [60/271] Irityy APMC (10.3529, 76.5120)
2026-02-24 10:39:44,317 [INFO] [61/271] Kadakkal  VFPCK APMC (8.8268, 76.9200)
2026-02-24 10:39:47,429 [INFO] [62/271] Kadambazhi puram  VFPCK APMC (10.8701, 76.4421)
2026-02-24 10:39:50,742 [INFO] [63/271] Kadukutty VFPCK APMC (10.2659, 76.3054)
2026-02-24 10:39:52,891 [INFO] [64/271] Kadungallur  VFPCK APMC (11.2014, 76.0242)
2026-02-24 10:39:56,709 [INFO] [65/271] Kaithepalam VFPCK APMC (9.5419, 76.5843)
2026-02-24 10:39:59,731 [INFO] [66/271] Kakkur VFPCK APMC (11.3850, 75.8224)
2026-02-24 10:40:03,012 [INFO] [67/271] Kalanjoor  VFPCK APMC (9.1196, 76.8517)
2026-02-24 10:40:05,528 [INFO] [68/271] Kalikavu VFPCK APMC (11.1706, 76.3229)
2026-02-24 10:40:07,463 [INFO] [69/271] Kallachi APMC (11.7775, 75.7748)
2026-02-24 10:40:09,567 [INFO] [70/271] Kallara  VFPCK APMC (8.7520, 76.9388)
2026-02-24 10:40:12,538 [INFO] [71/271] Kalluvathukkal VFPCK APMC (8.8313, 76.7459)
2026-02-24 10:40:15,178 [INFO] [72/271] Kamakshi VFPCK APMC (9.8314, 77.0485)
2026-02-24 10:40:17,769 [INFO] [73/271] Kanjangadu APMC (10.3529, 76.5120)
2026-02-24 10:40:19,953 [INFO] [74/271] Kanjirappally APMC (9.5440, 76.8104)
2026-02-24 10:40:23,810 [INFO] [75/271] Kanjoor VFPCK APMC (10.1452, 76.4261)
2026-02-24 10:40:25,862 [INFO] [76/271] Kannakunnu VFPCK APMC (10.3529, 76.5120)
2026-02-24 10:40:28,730 [INFO] [77/271] Kannamangalam  VFPCK APMC (11.7113, 76.0039)
2026-02-24 10:40:30,870 [INFO] [78/271] Karalam VFPCK APMC (10.3965, 76.1674)
2026-02-24 10:40:32,694 [INFO] [79/271] Karimpuzha VFPCK APMC (10.9034, 76.4633)
2026-02-24 10:40:34,564 [INFO] [80/271] Karumaloor VFPCK APMC (10.1369, 76.2698)
2026-02-24 10:40:37,692 [INFO] [81/271] Karuvannur VFPCK APMC (10.3893, 76.1479)
2026-02-24 10:40:39,552 [INFO] [82/271] Kasargod APMC (12.4915, 74.9878)
2026-02-24 10:40:42,618 [INFO] [83/271] Kattakkada  VFPCK APMC (8.5543, 77.1855)
2026-02-24 10:40:44,879 [INFO] [84/271] Kattampak  VFPCK APMC (9.7807, 76.5410)
2026-02-24 10:40:46,613 [INFO] [85/271] Kattappana APMC (9.7562, 77.1141)
2026-02-24 10:40:48,872 [INFO] [86/271] Kayamkulam APMC (9.1724, 76.5001)
2026-02-24 10:40:50,848 [INFO] [87/271] Keerampara VFPCK APMC (10.1001, 76.6507)
2026-02-24 10:40:53,952 [INFO] [88/271] Keezhparamba  VFPCK APMC (10.3529, 76.5120)
2026-02-24 10:40:56,566 [INFO] [89/271] Kelakam VFPCK APMC (11.7403, 75.8580)
2026-02-24 10:40:58,736 [INFO] [90/271] Keralapuram VFPCK APMC (8.9405, 76.6575)
2026-02-24 10:41:01,066 [INFO] [91/271] Kilmannur VFPCK APMC (10.3529, 76.5120)
2026-02-24 10:41:02,945 [INFO] [92/271] Kizhakkancheri VFPCK APMC (10.3529, 76.5120)
2026-02-24 10:41:04,986 [INFO] [93/271] Kodakkad  VFPCK APMC (12.1981, 75.1885)
2026-02-24 10:41:07,885 [INFO] [94/271] Kodassery VFPCK APMC (11.4100, 75.7636)
2026-02-24 10:41:09,814 [INFO] [95/271] Kodenchery VFPCK APMC (11.4093, 76.0122)
2026-02-24 10:41:12,227 [INFO] [96/271] Kodikulam  VFPCK APMC (9.9587, 76.7419)
2026-02-24 10:41:14,275 [INFO] [97/271] Kodiyathur VFPCK APMC (11.2871, 75.9873)
2026-02-24 10:41:16,047 [INFO] [98/271] Kodumon VFPCK APMC (9.2117, 76.7771)
2026-02-24 10:41:18,671 [INFO] [99/271] Koduvayoor APMC (11.0918, 75.9545)
2026-02-24 10:41:21,543 [INFO] [100/271] Kolayad VFPCK APMC (11.8531, 75.6966)
2026-02-24 10:41:23,851 [INFO] [101/271] Kollam APMC (8.8871, 76.5907)
2026-02-24 10:41:25,665 [INFO] [102/271] Kollayil  VFPCK APMC (8.7962, 77.0102)
2026-02-24 10:41:28,164 [INFO] [103/271] Kollengode APMC (10.6125, 76.6974)
2026-02-24 10:41:30,936 [INFO] [104/271] Koodali  VFPCK APMC (11.9234, 75.4769)
2026-02-24 10:41:32,930 [INFO] [105/271] Koodaranji VFPCK APMC (11.3454, 76.0367)
2026-02-24 10:41:35,207 [INFO] [106/271] Koorad Wandoor VFPCK APMC (11.1857, 76.2711)
2026-02-24 10:41:37,396 [INFO] [107/271] Koovapadi VFPCK APMC (10.3529, 76.5120)
2026-02-24 10:41:39,474 [INFO] [108/271] Kothamangalam APMC (10.0641, 76.6301)
2026-02-24 10:41:41,391 [INFO] [109/271] Kottakkal APMC (11.0005, 76.0048)
2026-02-24 10:41:43,563 [INFO] [110/271] Kottarakkara APMC (9.0055, 76.7832)
2026-02-24 10:41:45,491 [INFO] [111/271] Kottayam APMC (9.6287, 76.6455)
2026-02-24 10:41:47,544 [INFO] [112/271] Kovilnada  VFPCK APMC (8.3710, 77.1452)
2026-02-24 10:41:49,488 [INFO] [113/271] Ks Mangalam VFPCK APMC (9.7918, 76.4002)
2026-02-24 10:41:51,379 [INFO] [114/271] Kulathoopuzha VFPCK APMC (10.3529, 76.5120)
2026-02-24 10:41:53,044 [INFO] [115/271] Kunnamangalam  VFPCK APMC (11.2930, 75.8736)
2026-02-24 10:41:55,344 [INFO] [116/271] Kunnathukkal VFPCK APMC (10.3529, 76.5120)
2026-02-24 10:41:57,688 [INFO] [117/271] Kunnukara  VFPCK APMC (10.1552, 76.2954)
2026-02-24 10:41:59,665 [INFO] [118/271] Kurichy VFPCK APMC (11.9769, 75.8280)
2026-02-24 10:42:01,810 [INFO] [119/271] Kuriem  VFPCK APMC (10.3529, 76.5120)
2026-02-24 10:42:03,859 [INFO] [120/271] Kurumassery VFPCK APMC (10.1789, 76.3298)
2026-02-24 10:42:06,391 [INFO] [121/271] Kuruppanthura APMC (9.7402, 76.5175)
2026-02-24 10:42:08,427 [INFO] [122/271] Kuthuparambu APMC (10.3529, 76.5120)
2026-02-24 10:42:10,044 [INFO] [123/271] Kuttoor APMC (9.3588, 76.5881)
2026-02-24 10:42:33,753 [INFO] [124/271] Kuzhur  VFPCK APMC (10.2061, 76.2974)
2026-02-24 10:42:38,995 [INFO] [125/271] Madhavapuram APMC (10.4911, 76.2225)
2026-02-24 10:42:43,387 [INFO] [126/271] Madikai  VFPCK APMC (12.3151, 75.1372)
2026-02-24 10:42:47,653 [INFO] [127/271] Mala VFPCK APMC (10.2402, 76.2683)
2026-02-24 10:42:52,486 [INFO] [128/271] Malayattoor  VFPCK APMC (10.1863, 76.5039)
2026-02-24 10:42:57,287 [INFO] [129/271] Mallappally  VFPCK APMC (9.4460, 76.6553)
2026-02-24 10:43:01,368 [INFO] [130/271] Maloor VFPCK APMC (11.8724, 75.5974)
2026-02-24 10:43:04,557 [INFO] [131/271] Manathavady APMC (10.3529, 76.5120)
2026-02-24 10:43:08,160 [INFO] [132/271] Mangattidom VFPCK APMC (11.8478, 75.5419)
2026-02-24 10:43:10,761 [INFO] [133/271] Manjeri APMC (11.1202, 76.1198)
2026-02-24 10:43:14,460 [INFO] [134/271] Mankada VFPCK APMC (11.0189, 76.1760)
2026-02-24 10:43:33,272 [INFO] [135/271] Mannackanad  VFPCK APMC (9.7586, 76.5882)
2026-02-24 10:43:38,196 [INFO] [136/271] Mannar APMC (9.3174, 76.5339)
2026-02-24 10:43:44,504 [INFO] [137/271] Maranelloor VFPCK APMC (10.3529, 76.5120)
2026-02-24 10:43:47,947 [INFO] [138/271] Marottichal  VFPCK APMC (10.4752, 76.3543)
2026-02-24 10:43:52,820 [INFO] [139/271] Mattannur  VFPCK APMC (11.9308, 75.5713)
2026-02-24 10:43:56,735 [INFO] [140/271] Mattathur VFPCK APMC (10.4028, 76.4518)
2026-02-24 10:44:00,255 [INFO] [141/271] Mavoor  VFPCK APMC (11.2608, 75.9530)
2026-02-24 10:44:03,143 [INFO] [142/271] Mazhuvannur VFPCK APMC (11.7348, 75.9871)
2026-02-24 10:44:05,529 [INFO] [143/271] Melechinnar VFPCK APMC (9.8755, 77.0895)
2026-02-24 10:44:08,587 [INFO] [144/271] Melocr VFPCK APMC (10.3529, 76.5120)
2026-02-24 10:44:11,070 [INFO] [145/271] Mezhuveli  VFPCK APMC (9.2743, 76.6933)
2026-02-24 10:44:22,909 [INFO] [146/271] Mookkannur  VFPCK APMC (10.2227, 76.4140)
2026-02-24 10:44:26,283 [INFO] [147/271] Moothedam  VFPCK APMC (11.3345, 76.3101)
2026-02-24 10:44:34,967 [INFO] [148/271] Moovattupuzha APMC (9.7653, 76.5621)
2026-02-24 10:44:46,923 [INFO] [149/271] Mudakkal VFPCK APMC (8.6920, 76.8635)
2026-02-24 10:44:50,430 [INFO] [150/271] Mukkam  VFPCK APMC (11.3225, 75.9949)
2026-02-24 10:44:55,002 [INFO] [151/271] Mukkom APMC (8.8224, 76.6463)
2026-02-24 10:44:57,518 [INFO] [152/271] Munnar APMC (10.0870, 77.0601)
2026-02-24 10:45:00,682 [INFO] [153/271] Muriyad  VFPCK APMC (10.3572, 76.2721)
2026-02-24 10:45:04,565 [INFO] [154/271] Mutholy  VFPCK APMC (9.6921, 76.6567)
2026-02-24 10:45:08,159 [INFO] [155/271] Muttil VFPCK APMC (11.6418, 76.1106)
2026-02-24 10:45:11,861 [INFO] [156/271] Mylachal VFPCK APMC (8.4620, 77.1334)
2026-02-24 10:45:15,926 [INFO] [157/271] Naranganam  VFPCK APMC (9.3277, 76.7505)
2026-02-24 10:45:18,376 [INFO] [158/271] Nedumangadu APMC (8.6010, 77.0060)
2026-02-24 10:45:21,299 [INFO] [159/271] Nedumbram VFPCK APMC (10.3529, 76.5120)
2026-02-24 10:45:27,220 [INFO] [160/271] Nedumkandam APMC (9.8413, 77.1530)
2026-02-24 10:45:29,485 [INFO] [161/271] Nedumpaikulam  VFPCK APMC (8.9758, 76.7024)
2026-02-24 10:45:37,971 [INFO] [162/271] Nedumpana  VFPCK APMC (8.9087, 76.6945)
2026-02-24 10:45:43,981 [INFO] [163/271] Nedungapra  VFPCK APMC (10.1163, 76.5592)
2026-02-24 10:45:47,348 [INFO] [164/271] Neduvathoor  VFPCK APMC (8.9954, 76.7399)
2026-02-24 10:45:50,833 [INFO] [165/271] Neeleswaram APMC (8.9933, 76.7573)
2026-02-24 10:45:54,142 [INFO] [166/271] Neezhoor VFPCK APMC (10.3529, 76.5120)
2026-02-24 10:45:59,032 [INFO] [167/271] Neyyattinkara  VFPCK APMC (8.3858, 77.0650)
2026-02-24 10:46:05,162 [INFO] [168/271] Nooluvally  VFPCK APMC (10.3945, 76.3489)
2026-02-24 10:46:09,775 [INFO] [169/271] Nooranad VFPCK APMC (9.1747, 76.6411)
2026-02-24 10:46:15,924 [INFO] [170/271] Omalloor APMC (9.2427, 76.7558)
2026-02-24 10:46:18,421 [INFO] [171/271] Othayi  VFPCK APMC (11.2327, 76.1186)
2026-02-24 10:46:21,610 [INFO] [172/271] Padinjarathara  VFPCK APMC (11.6687, 75.9615)
2026-02-24 10:46:24,064 [INFO] [173/271] Pala APMC (9.7131, 76.6831)
2026-02-24 10:46:26,871 [INFO] [174/271] Palakkad APMC (10.7874, 76.4742)
2026-02-24 10:46:29,486 [INFO] [175/271] Palayam APMC (8.5030, 76.9498)
2026-02-24 10:46:32,705 [INFO] [176/271] Pallikkal  VFPCK APMC (11.7773, 75.9769)
2026-02-24 10:46:36,595 [INFO] [177/271] Pallikkal VFPCK APMC (11.7773, 75.9769)
2026-02-24 10:46:38,909 [INFO] [178/271] Pampady APMC (9.5656, 76.6444)
2026-02-24 10:46:43,641 [INFO] [179/271] Pananchery VFPCK APMC (10.5179, 76.2380)
2026-02-24 10:46:46,658 [INFO] [180/271] Pandalam APMC (9.2251, 76.6781)
2026-02-24 10:46:49,125 [INFO] [181/271] Pandalam Thekkekkara  VFPCK APMC (9.1939, 76.7316)
2026-02-24 10:46:52,049 [INFO] [182/271] Pandalam VFPCK APMC (9.2251, 76.6781)
2026-02-24 10:46:55,855 [INFO] [183/271] Parakkodu APMC (8.9315, 76.8125)
2026-02-24 10:46:58,172 [INFO] [184/271] Parappanangadi APMC (11.0483, 75.8590)
2026-02-24 10:47:02,007 [INFO] [185/271] Parappanangadi VFPCK APMC (11.0483, 75.8590)
2026-02-24 10:47:04,360 [INFO] [186/271] Parassala APMC (8.3429, 77.1548)
2026-02-24 10:47:07,850 [INFO] [187/271] Parassala VFPCK APMC (8.3429, 77.1548)
2026-02-24 10:47:10,845 [INFO] [188/271] Parathode VFPCK APMC (9.8745, 77.1615)
2026-02-24 10:47:12,747 [INFO] [189/271] Pariyaram VFPCK APMC (12.0713, 75.2935)
2026-02-24 10:47:16,438 [INFO] [190/271] Pattambi APMC (10.8049, 76.1780)
2026-02-24 10:47:22,042 [INFO] [191/271] Pattazhy North VFPCK APMC (9.0803, 76.7962)
2026-02-24 10:47:26,041 [INFO] [192/271] Payam VFPCK APMC (11.9749, 75.7017)
2026-02-24 10:47:28,427 [INFO] [193/271] Payyannur APMC (12.1486, 75.2939)
2026-02-24 10:47:34,467 [INFO] [194/271] Pazhayannur VFPCK APMC (10.6814, 76.4246)
2026-02-24 10:47:38,364 [INFO] [195/271] Pazhayarikandam  VFPCK APMC (9.9677, 76.9516)
2026-02-24 10:47:40,919 [INFO] [196/271] Perambra APMC (11.5597, 75.7581)
2026-02-24 10:47:43,954 [INFO] [197/271] Peravoor VFPCK APMC (11.9014, 75.7314)
2026-02-24 10:47:49,821 [INFO] [198/271] Peria VFPCK APMC (11.5287, 75.8888)
2026-02-24 10:47:52,664 [INFO] [199/271] Perinthalmanna APMC (10.9909, 76.2299)
2026-02-24 10:47:54,684 [INFO] [200/271] Perumatty VFPCK APMC (10.6626, 76.8026)
2026-02-24 10:47:58,519 [INFO] [201/271] Perumbavoor APMC (10.1149, 76.4735)
2026-02-24 10:48:00,890 [INFO] [202/271] Piravanthoor VFPCK APMC (9.0554, 76.8742)
2026-02-24 10:48:05,266 [INFO] [203/271] Plappally VFPCK APMC (9.3924, 76.9655)
2026-02-24 10:48:10,290 [INFO] [204/271] Poothadi VFPCK APMC (11.7237, 76.1187)
2026-02-24 10:48:12,458 [INFO] [205/271] Pothanikkadu VFPCK APMC (10.3529, 76.5120)
2026-02-24 10:48:15,012 [INFO] [206/271] Pramadom VFPCK APMC (9.2479, 76.7894)
2026-02-24 10:48:17,709 [INFO] [207/271] Pullur Periya  VFPCK APMC (12.3940, 75.1219)
2026-02-24 10:48:21,281 [INFO] [208/271] Pulpally APMC (11.7933, 76.1644)
2026-02-24 10:48:24,157 [INFO] [209/271] Punalur APMC (9.0175, 76.9265)
2026-02-24 10:48:26,980 [INFO] [210/271] Punalur VFPCK APMC (9.0175, 76.9265)
2026-02-24 10:48:33,486 [INFO] [211/271] Puramattom VFPCK APMC (9.3896, 76.6523)
2026-02-24 10:48:38,737 [INFO] [212/271] Puthenvelikkara  VFPCK APMC (10.1858, 76.2455)
2026-02-24 10:48:41,262 [INFO] [213/271] Puthupariyaram  VFPCK APMC (10.8072, 76.6164)
2026-02-24 10:48:45,147 [INFO] [214/271] Puthur  VFPCK APMC (10.7884, 76.6620)
2026-02-24 10:48:47,467 [INFO] [215/271] Puthur VFPCK APMC (10.7884, 76.6620)
2026-02-24 10:48:49,971 [INFO] [216/271] Rajakkad  VFPCK APMC (9.9619, 77.0903)
2026-02-24 10:48:54,168 [INFO] [217/271] Ramapuram VFPCK APMC (9.8002, 76.6621)
2026-02-24 10:48:58,350 [INFO] [218/271] Ranni VFPCK APMC (9.3853, 76.7849)
2026-02-24 10:49:01,813 [INFO] [219/271] Ranniangadi APMC (9.4010, 76.7707)
2026-02-24 10:49:06,957 [INFO] [220/271] Sasthamkotta APMC (9.0439, 76.6359)
2026-02-24 10:49:14,809 [INFO] [221/271] Sasthamkotta VFPCK APMC (9.0439, 76.6359)
2026-02-24 10:49:51,847 [WARNING]   Attempt 1 error: HTTPSConnectionPool(host='archive-api.open-meteo.com', port=443): Read timed out. (read timeout=30)
2026-02-24 10:49:58,064 [INFO] [222/271] Seethathode  VFPCK APMC (9.3229, 76.9710)
2026-02-24 10:50:00,711 [INFO] [223/271] Sooranad  VFPCK APMC (9.0881, 76.6140)
2026-02-24 10:50:04,778 [INFO] [224/271] Sreekandapuram VFPCK APMC (12.0472, 75.5105)
2026-02-24 10:50:12,243 [INFO] [225/271] Sulthanbathery  VFPCK APMC (11.7115, 76.2528)
2026-02-24 10:50:23,518 [INFO] [226/271] Taliparamba APMC (12.0995, 75.4706)
2026-02-24 10:50:26,394 [INFO] [227/271] Thalakulathur VFPCK APMC (11.3663, 75.7624)
2026-02-24 10:50:29,704 [INFO] [228/271] Thalappara  VFPCK APMC (11.0716, 75.8935)
2026-02-24 10:50:32,516 [INFO] [229/271] Thalasserry APMC (11.7608, 75.4822)
2026-02-24 10:50:34,867 [INFO] [230/271] Thalavoor VFPCK APMC (9.0357, 76.8305)
2026-02-24 10:50:37,509 [INFO] [231/271] Thalayolaparambu APMC (9.7856, 76.4475)
2026-02-24 10:50:39,704 [INFO] [232/271] Thamarakkulam VFPCK APMC (8.8799, 76.5885)
2026-02-24 10:50:42,336 [INFO] [233/271] Thamarassery APMC (11.4184, 76.0191)
2026-02-24 10:50:45,176 [INFO] [234/271] Thariyode VFPCK APMC (11.6429, 75.9929)
2026-02-24 10:50:55,985 [INFO] [235/271] Thavinjal VFPCK APMC (11.8034, 75.9612)
2026-02-24 10:51:00,433 [INFO] [236/271] Thengamam VFPCK APMC (9.1220, 76.6565)
2026-02-24 10:51:02,729 [INFO] [237/271] Thirurrangadi APMC (10.3529, 76.5120)
2026-02-24 10:51:05,257 [INFO] [238/271] Thiruvali  VFPCK APMC (11.1997, 76.1774)
2026-02-24 10:51:07,869 [INFO] [239/271] Thiruvambady VFPCK APMC (11.3611, 76.0095)
2026-02-24 10:51:10,625 [INFO] [240/271] Thiruvaniyoor  VFPCK APMC (9.9339, 76.4248)
2026-02-24 10:51:14,110 [INFO] [241/271] Thodupuzha APMC (9.8977, 76.7134)
2026-02-24 10:51:16,474 [INFO] [242/271] Thompramkudi VFPCK APMC (10.3529, 76.5120)
2026-02-24 10:51:24,751 [INFO] [243/271] Thondernad  VFPCK APMC (11.7595, 75.8634)
2026-02-24 10:51:27,652 [INFO] [244/271] Thottippal VFPCK APMC (10.4059, 76.2417)
2026-02-24 10:51:30,805 [INFO] [245/271] Thottuva  VFPCK APMC (9.7546, 76.5429)
2026-02-24 10:51:34,189 [INFO] [246/271] Thrikkodithanam  VFPCK APMC (9.4391, 76.5657)
2026-02-24 10:51:38,631 [INFO] [247/271] Thrippunithura APMC (9.9440, 76.3490)
2026-02-24 10:51:42,477 [INFO] [248/271] Thrissur APMC (10.5270, 76.2146)
2026-02-24 10:51:44,824 [INFO] [249/271] Thuravoor VFPCK APMC (9.7686, 76.3182)
2026-02-24 10:51:47,087 [INFO] [250/271] Udumbannoor  VFPCK APMC (9.9060, 76.8143)
2026-02-24 10:51:49,538 [INFO] [251/271] Vadakarapathy VFPCK APMC (10.7775, 76.8506)
2026-02-24 10:51:51,762 [INFO] [252/271] Vadakkenchery APMC (10.5922, 76.4841)
2026-02-24 10:51:54,346 [INFO] [253/271] Vakathanam VFPCK APMC (9.5184, 76.5712)
2026-02-24 10:51:56,647 [INFO] [254/271] Valakom  VFPCK APMC (9.9807, 76.5204)
2026-02-24 10:51:59,198 [INFO] [255/271] Vamanapuram APMC (8.7219, 76.8980)
2026-02-24 10:52:01,957 [INFO] [256/271] Vandiperiyar APMC (9.5729, 77.0919)
2026-02-24 10:52:05,823 [INFO] [257/271] Vaniyamkulam  VFPCK APMC (11.5425, 75.7737)
2026-02-24 10:52:09,866 [INFO] [258/271] Varandarappilly  VFPCK APMC (10.4068, 76.3303)
2026-02-24 10:52:13,752 [INFO] [259/271] Vayala  VFPCK APMC (8.8828, 76.9297)
2026-02-24 10:52:15,652 [INFO] [260/271] Vazhayur VFPCK APMC (11.2154, 75.9150)
2026-02-24 10:52:17,833 [INFO] [261/271] Veliyam  VFPCK APMC (8.9151, 76.7659)
2026-02-24 10:52:20,525 [INFO] [262/271] Vellanad VFPCK APMC (8.5928, 77.1407)
2026-02-24 10:52:23,125 [INFO] [263/271] Vellannur  VFPCK APMC (11.2882, 75.9189)
2026-02-24 10:52:24,999 [INFO] [264/271] Vellarada  VFPCK APMC (8.4557, 77.1953)
2026-02-24 10:52:27,642 [INFO] [265/271] Veloorkkara VFPCK APMC (10.3058, 76.2479)
2026-02-24 10:52:30,521 [INFO] [266/271] Vembayam VFPCK APMC (8.6403, 76.9298)
2026-02-24 10:52:32,475 [INFO] [267/271] Vempally  VFPCK APMC (9.7108, 76.5571)
2026-02-24 10:52:36,224 [INFO] [268/271] Vengannore  VFPCK APMC (10.3529, 76.5120)
2026-02-24 10:52:38,490 [INFO] [269/271] Vengapally VFPCK APMC (11.6304, 76.0333)
2026-02-24 10:52:41,145 [INFO] [270/271] Vengola  VFPCK APMC (10.0806, 76.4662)
2026-02-24 10:52:43,910 [INFO] [271/271] Venmony  VFPCK APMC (9.2453, 76.6242)
2026-02-24 10:52:45,852 [INFO] 
Weather pipeline complete.
2026-02-24 10:52:45,852 [INFO] You can now join: prices.market = weather.market AND prices.arrival_date = weather.date
2026-02-25 00:43:32,058 [INFO] [1/74] Arakalgud APMC (12.7629, 76.0628)
2026-02-25 00:43:32,729 [WARNING]   Attempt 1: HTTP 400
2026-02-25 00:43:36,013 [WARNING]   Attempt 2: HTTP 400
2026-02-25 00:43:38,825 [WARNING]   Attempt 3: HTTP 400
2026-02-25 00:43:41,334 [WARNING]   Attempt 4: HTTP 400
2026-02-25 00:43:44,113 [WARNING]   Attempt 5: HTTP 400
2026-02-25 00:43:46,119 [ERROR]   Failed after 5 attempts: Arakalgud APMC
2026-02-25 00:43:46,630 [INFO] [2/74] Arasikere APMC (13.3160, 76.2568)
2026-02-25 00:43:47,929 [WARNING]   Attempt 1: HTTP 400
2026-02-25 00:43:50,640 [WARNING]   Attempt 2: HTTP 400
2026-02-25 00:43:53,205 [WARNING]   Attempt 3: HTTP 400
2026-02-25 00:43:55,779 [WARNING]   Attempt 4: HTTP 400
2026-02-25 00:43:58,313 [WARNING]   Attempt 5: HTTP 400
2026-02-25 00:44:00,320 [ERROR]   Failed after 5 attempts: Arasikere APMC
2026-02-25 00:44:00,834 [INFO] [3/74] Athani APMC (16.7283, 75.0692)
2026-02-25 00:44:01,471 [WARNING]   Attempt 1: HTTP 400
2026-02-25 00:44:04,154 [WARNING]   Attempt 2: HTTP 400
2026-02-25 00:44:07,066 [WARNING]   Attempt 3: HTTP 400
2026-02-25 00:44:09,774 [WARNING]   Attempt 4: HTTP 400
2026-02-25 00:44:12,352 [WARNING]   Attempt 5: HTTP 400
2026-02-25 00:44:14,353 [ERROR]   Failed after 5 attempts: Athani APMC
2026-02-25 00:44:14,882 [INFO] [4/74] Bangalore APMC (12.9768, 77.5901)
2026-02-25 00:44:15,435 [WARNING]   Attempt 1: HTTP 400
2026-02-25 00:44:18,000 [WARNING]   Attempt 2: HTTP 400
2026-02-25 00:44:20,559 [WARNING]   Attempt 3: HTTP 400
2026-02-25 00:44:23,303 [WARNING]   Attempt 4: HTTP 400
2026-02-25 00:44:26,103 [WARNING]   Attempt 5: HTTP 400
2026-02-25 00:44:28,117 [ERROR]   Failed after 5 attempts: Bangalore APMC
2026-02-25 00:44:28,636 [INFO] [5/74] Bangarpet APMC (12.9855, 78.1782)
2026-02-25 00:44:29,315 [WARNING]   Attempt 1: HTTP 400
2026-02-25 00:44:32,125 [WARNING]   Attempt 2: HTTP 400
2026-02-25 00:44:34,968 [WARNING]   Attempt 3: HTTP 400
2026-02-25 00:44:37,548 [WARNING]   Attempt 4: HTTP 400
2026-02-25 00:44:40,280 [WARNING]   Attempt 5: HTTP 400
2026-02-25 00:44:42,292 [ERROR]   Failed after 5 attempts: Bangarpet APMC
2026-02-25 00:44:42,971 [INFO] [6/74] Bantwala APMC (14.9562, 75.7897)
2026-02-25 00:44:43,755 [WARNING]   Attempt 1: HTTP 400
2026-02-25 00:44:46,341 [WARNING]   Attempt 2: HTTP 400
2026-02-25 00:44:48,881 [WARNING]   Attempt 3: HTTP 400
2026-02-25 00:44:51,628 [WARNING]   Attempt 4: HTTP 400
2026-02-25 00:44:54,270 [WARNING]   Attempt 5: HTTP 400
2026-02-25 00:44:56,280 [ERROR]   Failed after 5 attempts: Bantwala APMC
2026-02-25 00:44:56,910 [INFO] [7/74] Belthangdi APMC (14.9562, 75.7897)
2026-02-25 00:44:57,647 [WARNING]   Attempt 1: HTTP 400
2026-02-25 00:45:00,244 [WARNING]   Attempt 2: HTTP 400
2026-02-25 00:45:02,836 [WARNING]   Attempt 3: HTTP 400
2026-02-25 00:45:05,458 [WARNING]   Attempt 4: HTTP 400
2026-02-25 00:45:07,995 [WARNING]   Attempt 5: HTTP 400
2026-02-25 00:45:10,006 [ERROR]   Failed after 5 attempts: Belthangdi APMC
2026-02-25 00:45:10,544 [INFO] [8/74] Belur APMC (13.1646, 75.8635)
2026-02-25 00:45:11,237 [WARNING]   Attempt 1: HTTP 400
2026-02-25 00:45:13,775 [WARNING]   Attempt 2: HTTP 400
2026-02-25 00:45:16,322 [WARNING]   Attempt 3: HTTP 400
2026-02-25 00:45:18,928 [WARNING]   Attempt 4: HTTP 400
2026-02-25 00:45:21,661 [WARNING]   Attempt 5: HTTP 400
2026-02-25 00:45:23,673 [ERROR]   Failed after 5 attempts: Belur APMC
2026-02-25 00:45:24,186 [INFO] [9/74] Bhadravathi APMC (13.8502, 75.7038)
2026-02-25 00:45:24,844 [WARNING]   Attempt 1: HTTP 400
2026-02-25 00:45:27,578 [WARNING]   Attempt 2: HTTP 400
2026-02-25 00:45:30,280 [WARNING]   Attempt 3: HTTP 400
2026-02-25 00:45:32,976 [WARNING]   Attempt 4: HTTP 400
2026-02-25 00:47:56,827 [INFO] Fetching weather from 2021-01-01 to 2026-02-24
2026-02-25 00:47:56,829 [INFO] Total markets: 74
2026-02-25 00:47:56,830 [INFO] [1/74] Arakalgud APMC (12.7629, 76.0628)
2026-02-25 00:47:57,814 [INFO]   -> 1881 rows inserted
2026-02-25 00:47:58,621 [INFO] [2/74] Arasikere APMC (13.3160, 76.2568)
2026-02-25 00:47:59,295 [INFO]   -> 1881 rows inserted
2026-02-25 00:48:00,108 [INFO] [3/74] Athani APMC (16.7283, 75.0692)
2026-02-25 00:48:01,064 [INFO]   -> 1881 rows inserted
2026-02-25 00:48:01,878 [INFO] [4/74] Bangalore APMC (12.9768, 77.5901)
2026-02-25 00:48:03,314 [INFO]   -> 1881 rows inserted
2026-02-25 00:48:04,120 [INFO] [5/74] Bangarpet APMC (12.9855, 78.1782)
2026-02-25 00:48:05,039 [INFO]   -> 1881 rows inserted
2026-02-25 00:48:05,848 [INFO] [6/74] Bantwala APMC (14.9562, 75.7897)
2026-02-25 00:48:06,541 [INFO]   -> 1881 rows inserted
2026-02-25 00:48:07,352 [INFO] [7/74] Belthangdi APMC (14.9562, 75.7897)
2026-02-25 00:48:08,125 [INFO]   -> 1881 rows inserted
2026-02-25 00:48:08,940 [INFO] [8/74] Belur APMC (13.1646, 75.8635)
2026-02-25 00:48:10,834 [INFO]   -> 1881 rows inserted
2026-02-25 00:48:11,637 [INFO] [9/74] Bhadravathi APMC (13.8502, 75.7038)
2026-02-25 00:48:12,339 [INFO]   -> 1881 rows inserted
2026-02-25 00:48:13,155 [INFO] [10/74] Chamaraj Nagar APMC (13.0221, 77.6006)
2026-02-25 00:48:14,350 [INFO]   -> 1881 rows inserted
2026-02-25 00:48:15,151 [INFO] [11/74] Channagiri APMC (14.0252, 75.9250)
2026-02-25 00:48:16,130 [INFO]   -> 1881 rows inserted
2026-02-25 00:48:16,933 [INFO] [12/74] Channapatana APMC (14.9562, 75.7897)
2026-02-25 00:48:17,700 [INFO]   -> 1881 rows inserted
2026-02-25 00:48:18,508 [INFO] [13/74] Channarayapatna APMC (12.9156, 76.3970)
2026-02-25 00:48:19,404 [INFO]   -> 1881 rows inserted
2026-02-25 00:48:20,212 [INFO] [14/74] Chickkaballapura APMC (14.9562, 75.7897)
2026-02-25 00:48:20,953 [INFO]   -> 1881 rows inserted
2026-02-25 00:48:21,760 [INFO] [15/74] Chikkamagalore APMC (14.9562, 75.7897)
2026-02-25 00:48:22,439 [INFO]   -> 1881 rows inserted
2026-02-25 00:48:23,245 [INFO] [16/74] Chintamani APMC (13.3987, 78.0533)
2026-02-25 00:48:24,028 [INFO]   -> 1881 rows inserted
2026-02-25 00:48:24,837 [INFO] [17/74] Davangere APMC (14.4331, 75.9303)
2026-02-25 00:48:26,168 [INFO]   -> 1881 rows inserted
2026-02-25 00:48:26,984 [INFO] [18/74] Dharwar APMC (17.3411, 76.8375)
2026-02-25 00:48:27,581 [WARNING]   Attempt 1: HTTP 429
2026-02-25 00:48:30,239 [WARNING]   Attempt 2: HTTP 429
2026-02-25 00:48:33,370 [WARNING]   Attempt 3: HTTP 429
2026-02-25 00:48:35,970 [WARNING]   Attempt 4: HTTP 429
2026-02-25 00:48:38,834 [WARNING]   Attempt 5: HTTP 429
2026-02-25 00:48:40,836 [ERROR]   Failed after 5 attempts: Dharwar APMC
2026-02-25 00:48:40,840 [INFO]   -> 0 rows inserted
2026-02-25 00:48:41,651 [INFO] [19/74] Doddaballa Pur APMC (13.2930, 77.5431)
2026-02-25 00:48:42,376 [WARNING]   Attempt 1: HTTP 429
2026-02-25 00:48:44,926 [WARNING]   Attempt 2: HTTP 429
2026-02-25 00:48:47,642 [WARNING]   Attempt 3: HTTP 429
2026-02-25 00:48:50,315 [WARNING]   Attempt 4: HTTP 429
2026-02-25 00:48:52,923 [WARNING]   Attempt 5: HTTP 429
2026-02-25 00:48:54,925 [ERROR]   Failed after 5 attempts: Doddaballa Pur APMC
2026-02-25 00:48:54,931 [INFO]   -> 0 rows inserted
2026-02-25 00:48:55,745 [INFO] [20/74] Gubbi APMC (13.3384, 76.8620)
2026-02-25 00:48:56,534 [WARNING]   Attempt 1: HTTP 429
2026-02-25 00:48:59,078 [WARNING]   Attempt 2: HTTP 429
2026-02-25 00:49:01,786 [INFO]   -> 1881 rows inserted
2026-02-25 00:49:02,590 [INFO] [21/74] Gundlupet APMC (11.8085, 76.6916)
2026-02-25 00:49:03,306 [INFO]   -> 1881 rows inserted
2026-02-25 00:49:04,114 [INFO] [22/74] Harihara APMC (14.4650, 75.7466)
2026-02-25 00:49:04,986 [INFO]   -> 1881 rows inserted
2026-02-25 00:49:05,787 [INFO] [23/74] Hassan APMC (13.0302, 76.1745)
2026-02-25 00:49:06,602 [INFO]   -> 1881 rows inserted
2026-02-25 00:49:07,415 [INFO] [24/74] Hirekerur APMC (14.4562, 75.3952)
2026-02-25 00:49:08,169 [INFO]   -> 1881 rows inserted
2026-02-25 00:49:08,975 [INFO] [25/74] Hiriyur APMC (13.3402, 76.1879)
2026-02-25 00:49:09,586 [INFO]   -> 1881 rows inserted
2026-02-25 00:49:10,396 [INFO] [26/74] Holalkere APMC (14.0573, 76.2328)
2026-02-25 00:49:11,047 [INFO]   -> 1881 rows inserted
2026-02-25 00:49:11,855 [INFO] [27/74] Honnali APMC (14.2390, 75.6457)
2026-02-25 00:49:12,649 [INFO]   -> 1881 rows inserted
2026-02-25 00:49:13,463 [INFO] [28/74] Hosadurga APMC (13.7988, 76.2831)
2026-02-25 00:49:14,285 [INFO]   -> 1881 rows inserted
2026-02-25 00:49:15,086 [INFO] [29/74] Hubli (Amaragol) APMC (15.3518, 75.1380)
2026-02-25 00:49:15,942 [INFO]   -> 1881 rows inserted
2026-02-25 00:49:16,744 [INFO] [30/74] Huliyar APMC (13.4140, 76.4781)
2026-02-25 00:49:18,366 [INFO]   -> 1881 rows inserted
2026-02-25 00:49:19,178 [INFO] [31/74] Hungund APMC (16.0484, 76.0667)
2026-02-25 00:49:20,039 [INFO]   -> 1881 rows inserted
2026-02-25 00:49:20,841 [INFO] [32/74] Hunsur APMC (12.3035, 76.2928)
2026-02-25 00:49:22,097 [INFO]   -> 1881 rows inserted
2026-02-25 00:49:22,903 [INFO] [33/74] K.R. Pet APMC (12.9690, 77.5759)
2026-02-25 00:49:23,784 [INFO]   -> 1881 rows inserted
2026-02-25 00:49:24,594 [INFO] [34/74] K.R.Nagar APMC (12.9779, 77.5927)
2026-02-25 00:49:25,375 [INFO]   -> 1881 rows inserted
2026-02-25 00:49:26,186 [INFO] [35/74] Kadur APMC (13.5503, 76.0087)
2026-02-25 00:49:26,928 [WARNING]   Attempt 1: HTTP 429
2026-02-25 00:49:29,790 [WARNING]   Attempt 2: HTTP 429
2026-02-25 00:49:32,501 [WARNING]   Attempt 3: HTTP 429
2026-02-25 00:49:35,225 [WARNING]   Attempt 4: HTTP 429
2026-02-25 00:49:38,342 [WARNING]   Attempt 5: HTTP 429
2026-02-25 00:49:40,352 [ERROR]   Failed after 5 attempts: Kadur APMC
2026-02-25 00:49:40,356 [INFO]   -> 0 rows inserted
2026-02-25 00:49:41,157 [INFO] [36/74] Kolar APMC (13.1805, 78.2669)
2026-02-25 00:49:41,674 [WARNING]   Attempt 1: HTTP 429
2026-02-25 00:49:44,211 [WARNING]   Attempt 2: HTTP 429
2026-02-25 00:49:46,884 [WARNING]   Attempt 3: HTTP 429
2026-02-25 00:49:49,428 [WARNING]   Attempt 4: HTTP 429
2026-02-25 00:49:51,948 [WARNING]   Attempt 5: HTTP 429
2026-02-25 00:49:53,952 [ERROR]   Failed after 5 attempts: Kolar APMC
2026-02-25 00:49:53,954 [INFO]   -> 0 rows inserted
2026-02-25 00:50:28,722 [INFO] Fetching weather from 2021-01-01 to 2026-02-24
2026-02-25 00:50:28,724 [INFO] Total markets: 74
2026-02-25 00:50:28,724 [INFO] [1/74] Arakalgud APMC (12.7629, 76.0628)
2026-02-25 00:50:28,725 [INFO]   Already complete: Arakalgud APMC
2026-02-25 00:50:28,725 [INFO]   -> 0 rows inserted
2026-02-25 00:50:29,527 [INFO] [2/74] Arasikere APMC (13.3160, 76.2568)
2026-02-25 00:50:29,528 [INFO]   Already complete: Arasikere APMC
2026-02-25 00:50:29,530 [INFO]   -> 0 rows inserted
2026-02-25 00:50:30,345 [INFO] [3/74] Athani APMC (16.7283, 75.0692)
2026-02-25 00:50:30,348 [INFO]   Already complete: Athani APMC
2026-02-25 00:50:30,349 [INFO]   -> 0 rows inserted
2026-02-25 00:50:31,149 [INFO] [4/74] Bangalore APMC (12.9768, 77.5901)
2026-02-25 00:50:31,152 [INFO]   Already complete: Bangalore APMC
2026-02-25 00:50:31,153 [INFO]   -> 0 rows inserted
2026-02-25 00:50:31,962 [INFO] [5/74] Bangarpet APMC (12.9855, 78.1782)
2026-02-25 00:50:31,966 [INFO]   Already complete: Bangarpet APMC
2026-02-25 00:50:31,967 [INFO]   -> 0 rows inserted
2026-02-25 00:50:32,779 [INFO] [6/74] Bantwala APMC (14.9562, 75.7897)
2026-02-25 00:50:32,784 [INFO]   Already complete: Bantwala APMC
2026-02-25 00:50:32,785 [INFO]   -> 0 rows inserted
2026-02-25 00:50:33,596 [INFO] [7/74] Belthangdi APMC (14.9562, 75.7897)
2026-02-25 00:50:33,600 [INFO]   Already complete: Belthangdi APMC
2026-02-25 00:50:33,600 [INFO]   -> 0 rows inserted
2026-02-25 00:50:34,411 [INFO] [8/74] Belur APMC (13.1646, 75.8635)
2026-02-25 00:50:34,415 [INFO]   Already complete: Belur APMC
2026-02-25 00:50:34,416 [INFO]   -> 0 rows inserted
2026-02-25 00:50:35,229 [INFO] [9/74] Bhadravathi APMC (13.8502, 75.7038)
2026-02-25 00:50:35,232 [INFO]   Already complete: Bhadravathi APMC
2026-02-25 00:50:35,233 [INFO]   -> 0 rows inserted
2026-02-25 00:50:36,047 [INFO] [10/74] Chamaraj Nagar APMC (13.0221, 77.6006)
2026-02-25 00:50:36,051 [INFO]   Already complete: Chamaraj Nagar APMC
2026-02-25 00:50:36,051 [INFO]   -> 0 rows inserted
2026-02-25 00:50:36,862 [INFO] [11/74] Channagiri APMC (14.0252, 75.9250)
2026-02-25 00:50:36,865 [INFO]   Already complete: Channagiri APMC
2026-02-25 00:50:36,867 [INFO]   -> 0 rows inserted
2026-02-25 00:50:37,675 [INFO] [12/74] Channapatana APMC (14.9562, 75.7897)
2026-02-25 00:50:37,681 [INFO]   Already complete: Channapatana APMC
2026-02-25 00:50:37,683 [INFO]   -> 0 rows inserted
2026-02-25 00:50:38,507 [INFO] [13/74] Channarayapatna APMC (12.9156, 76.3970)
2026-02-25 00:50:38,512 [INFO]   Already complete: Channarayapatna APMC
2026-02-25 00:50:38,512 [INFO]   -> 0 rows inserted
2026-02-25 00:50:39,326 [INFO] [14/74] Chickkaballapura APMC (14.9562, 75.7897)
2026-02-25 00:50:39,333 [INFO]   Already complete: Chickkaballapura APMC
2026-02-25 00:50:39,338 [INFO]   -> 0 rows inserted
2026-02-25 00:50:40,153 [INFO] [15/74] Chikkamagalore APMC (14.9562, 75.7897)
2026-02-25 00:50:40,158 [INFO]   Already complete: Chikkamagalore APMC
2026-02-25 00:50:40,159 [INFO]   -> 0 rows inserted
2026-02-25 00:50:40,983 [INFO] [16/74] Chintamani APMC (13.3987, 78.0533)
2026-02-25 00:50:41,030 [INFO]   Already complete: Chintamani APMC
2026-02-25 00:50:41,040 [INFO]   -> 0 rows inserted
2026-02-25 00:50:41,854 [INFO] [17/74] Davangere APMC (14.4331, 75.9303)
2026-02-25 00:50:41,857 [INFO]   Already complete: Davangere APMC
2026-02-25 00:50:41,857 [INFO]   -> 0 rows inserted
2026-02-25 00:50:42,673 [INFO] [18/74] Dharwar APMC (17.3411, 76.8375)
2026-02-25 00:50:43,531 [INFO]   -> 1881 rows inserted
2026-02-25 00:50:44,332 [INFO] [19/74] Doddaballa Pur APMC (13.2930, 77.5431)
2026-02-25 00:50:45,058 [INFO]   -> 1881 rows inserted
2026-02-25 00:50:45,863 [INFO] [20/74] Gubbi APMC (13.3384, 76.8620)
2026-02-25 00:50:45,869 [INFO]   Already complete: Gubbi APMC
2026-02-25 00:50:45,884 [INFO]   -> 0 rows inserted
2026-02-25 00:50:46,711 [INFO] [21/74] Gundlupet APMC (11.8085, 76.6916)
2026-02-25 00:50:46,716 [INFO]   Already complete: Gundlupet APMC
2026-02-25 00:50:46,716 [INFO]   -> 0 rows inserted
2026-02-25 00:50:47,525 [INFO] [22/74] Harihara APMC (14.4650, 75.7466)
2026-02-25 00:50:47,527 [INFO]   Already complete: Harihara APMC
2026-02-25 00:50:47,527 [INFO]   -> 0 rows inserted
2026-02-25 00:50:48,329 [INFO] [23/74] Hassan APMC (13.0302, 76.1745)
2026-02-25 00:50:48,334 [INFO]   Already complete: Hassan APMC
2026-02-25 00:50:48,348 [INFO]   -> 0 rows inserted
2026-02-25 00:50:49,164 [INFO] [24/74] Hirekerur APMC (14.4562, 75.3952)
2026-02-25 00:50:49,168 [INFO]   Already complete: Hirekerur APMC
2026-02-25 00:50:49,170 [INFO]   -> 0 rows inserted
2026-02-25 00:50:49,983 [INFO] [25/74] Hiriyur APMC (13.3402, 76.1879)
2026-02-25 00:50:49,994 [INFO]   Already complete: Hiriyur APMC
2026-02-25 00:50:50,003 [INFO]   -> 0 rows inserted
2026-02-25 00:50:50,817 [INFO] [26/74] Holalkere APMC (14.0573, 76.2328)
2026-02-25 00:50:50,822 [INFO]   Already complete: Holalkere APMC
2026-02-25 00:50:50,823 [INFO]   -> 0 rows inserted
2026-02-25 00:50:51,634 [INFO] [27/74] Honnali APMC (14.2390, 75.6457)
2026-02-25 00:50:51,638 [INFO]   Already complete: Honnali APMC
2026-02-25 00:50:51,638 [INFO]   -> 0 rows inserted
2026-02-25 00:50:52,438 [INFO] [28/74] Hosadurga APMC (13.7988, 76.2831)
2026-02-25 00:50:52,442 [INFO]   Already complete: Hosadurga APMC
2026-02-25 00:50:52,443 [INFO]   -> 0 rows inserted
2026-02-25 00:50:53,247 [INFO] [29/74] Hubli (Amaragol) APMC (15.3518, 75.1380)
2026-02-25 00:50:53,250 [INFO]   Already complete: Hubli (Amaragol) APMC
2026-02-25 00:50:53,252 [INFO]   -> 0 rows inserted
2026-02-25 00:50:54,053 [INFO] [30/74] Huliyar APMC (13.4140, 76.4781)
2026-02-25 00:50:54,059 [INFO]   Already complete: Huliyar APMC
2026-02-25 00:50:54,060 [INFO]   -> 0 rows inserted
2026-02-25 00:50:54,876 [INFO] [31/74] Hungund APMC (16.0484, 76.0667)
2026-02-25 00:50:54,878 [INFO]   Already complete: Hungund APMC
2026-02-25 00:50:54,879 [INFO]   -> 0 rows inserted
2026-02-25 00:50:55,680 [INFO] [32/74] Hunsur APMC (12.3035, 76.2928)
2026-02-25 00:50:55,683 [INFO]   Already complete: Hunsur APMC
2026-02-25 00:50:55,684 [INFO]   -> 0 rows inserted
2026-02-25 00:50:56,500 [INFO] [33/74] K.R. Pet APMC (12.9690, 77.5759)
2026-02-25 00:50:56,503 [INFO]   Already complete: K.R. Pet APMC
2026-02-25 00:50:56,503 [INFO]   -> 0 rows inserted
2026-02-25 00:50:57,322 [INFO] [34/74] K.R.Nagar APMC (12.9779, 77.5927)
2026-02-25 00:50:57,332 [INFO]   Already complete: K.R.Nagar APMC
2026-02-25 00:50:57,341 [INFO]   -> 0 rows inserted
2026-02-25 00:50:58,155 [INFO] [35/74] Kadur APMC (13.5503, 76.0087)
2026-02-25 00:50:58,896 [INFO]   -> 1881 rows inserted
2026-02-25 00:50:59,710 [INFO] [36/74] Kolar APMC (13.1805, 78.2669)
2026-02-25 00:51:00,549 [INFO]   -> 1881 rows inserted
2026-02-25 00:51:01,353 [INFO] [37/74] Koppa APMC (13.4570, 75.3610)
2026-02-25 00:51:02,444 [INFO]   -> 1881 rows inserted
2026-02-25 00:51:03,257 [INFO] [38/74] Kumta APMC (14.4372, 74.4212)
2026-02-25 00:51:04,295 [INFO]   -> 1881 rows inserted
2026-02-25 00:51:05,108 [INFO] [39/74] Kundapura APMC (13.6134, 74.7287)
2026-02-25 00:51:05,817 [INFO]   -> 1881 rows inserted
2026-02-25 00:51:06,621 [INFO] [40/74] Kunigal APMC (13.0260, 77.0223)
2026-02-25 00:51:07,376 [INFO]   -> 1881 rows inserted
2026-02-25 00:51:08,179 [INFO] [41/74] Maddur APMC (12.5849, 77.0449)
2026-02-25 00:51:08,980 [INFO]   -> 1881 rows inserted
2026-02-25 00:51:09,788 [INFO] [42/74] Madhugiri APMC (13.6602, 77.2141)
2026-02-25 00:51:10,655 [INFO]   -> 1881 rows inserted
2026-02-25 00:51:11,460 [INFO] [43/74] Malavalli APMC (12.3864, 77.0589)
2026-02-25 00:51:12,225 [INFO]   -> 1881 rows inserted
2026-02-25 00:51:13,039 [INFO] [44/74] Malur APMC (13.0055, 77.9455)
2026-02-25 00:51:13,775 [INFO]   -> 1881 rows inserted
2026-02-25 00:51:14,590 [INFO] [45/74] Mandya APMC (12.6369, 76.7275)
2026-02-25 00:51:15,297 [INFO]   -> 1881 rows inserted
2026-02-25 00:51:16,101 [INFO] [46/74] Mangalore APMC (12.8698, 74.8430)
2026-02-25 00:51:16,993 [INFO]   -> 1881 rows inserted
2026-02-25 00:51:17,803 [INFO] [47/74] Manvi APMC (15.9733, 77.0335)
2026-02-25 00:51:18,908 [INFO]   -> 1881 rows inserted
2026-02-25 00:51:19,713 [INFO] [48/74] Mysore (Bandipalya) APMC (12.3052, 76.6554)
2026-02-25 00:51:20,495 [INFO]   -> 1881 rows inserted
2026-02-25 00:51:21,310 [INFO] [49/74] Nagamangala APMC (13.2165, 77.6188)
2026-02-25 00:51:22,215 [INFO]   -> 1881 rows inserted
2026-02-25 00:51:23,024 [INFO] [50/74] Nanjangud APMC (12.1221, 76.6843)
2026-02-25 00:51:23,904 [INFO]   -> 1881 rows inserted
2026-02-25 00:51:24,709 [INFO] [51/74] Nippani APMC (16.4850, 74.3942)
2026-02-25 00:51:25,269 [WARNING]   Attempt 1: HTTP 429
2026-02-25 00:51:30,868 [WARNING]   Attempt 2: HTTP 429
2026-02-25 00:51:41,654 [WARNING]   Attempt 3: HTTP 429
2026-02-25 00:51:57,262 [WARNING]   Attempt 4: HTTP 429
2026-02-25 00:52:18,000 [INFO]   -> 1881 rows inserted
2026-02-25 00:52:18,811 [INFO] [52/74] Pandavapura APMC (12.5728, 76.6630)
2026-02-25 00:52:19,642 [INFO]   -> 1881 rows inserted
2026-02-25 00:52:20,454 [INFO] [53/74] Piriya Pattana APMC (12.9526, 74.9982)
2026-02-25 00:52:21,287 [INFO]   -> 1881 rows inserted
2026-02-25 00:52:22,094 [INFO] [54/74] Puttur APMC (12.7633, 75.2018)
2026-02-25 00:52:22,786 [INFO]   -> 1881 rows inserted
2026-02-25 00:52:23,595 [INFO] [55/74] Ramanagara APMC (12.7253, 77.2805)
2026-02-25 00:52:24,305 [INFO]   -> 1881 rows inserted
2026-02-25 00:52:25,114 [INFO] [56/74] Ranebennur APMC (14.7371, 75.5623)
2026-02-25 00:52:25,952 [INFO]   -> 1881 rows inserted
2026-02-25 00:52:26,763 [INFO] [57/74] Sankeshwar APMC (16.2592, 74.4853)
2026-02-25 00:52:27,832 [INFO]   -> 1881 rows inserted
2026-02-25 00:52:28,654 [INFO] [58/74] Santhesargur APMC (14.9562, 75.7897)
2026-02-25 00:52:29,590 [INFO]   -> 1881 rows inserted
2026-02-25 00:52:30,401 [INFO] [59/74] Shikaripura APMC (14.3109, 75.3838)
2026-02-25 00:52:31,462 [INFO]   -> 1881 rows inserted
2026-02-25 00:52:32,271 [INFO] [60/74] Shimoga APMC (14.0557, 75.2381)
2026-02-25 00:52:33,853 [INFO]   -> 1881 rows inserted
2026-02-25 00:52:34,668 [INFO] [61/74] Shimoga(Theertahalli) APMC (14.0557, 75.2381)
2026-02-25 00:52:35,296 [INFO]   -> 1881 rows inserted
2026-02-25 00:52:36,107 [INFO] [62/74] Shimogga(Theertahalli) APMC (14.9562, 75.7897)
2026-02-25 00:52:36,915 [INFO]   -> 1881 rows inserted
2026-02-25 00:52:37,716 [INFO] [63/74] Siddapur APMC (16.9275, 77.3210)
2026-02-25 00:52:38,686 [INFO]   -> 1881 rows inserted
2026-02-25 00:52:39,502 [INFO] [64/74] Sira APMC (13.7888, 76.8758)
2026-02-25 00:52:40,316 [INFO]   -> 1881 rows inserted
2026-02-25 00:52:41,121 [INFO] [65/74] Sirsi APMC (14.6192, 74.8389)
2026-02-25 00:52:41,991 [INFO]   -> 1881 rows inserted
2026-02-25 00:52:42,792 [INFO] [66/74] Somvarpet APMC (12.5974, 75.8499)
2026-02-25 00:52:43,471 [WARNING]   Attempt 1: HTTP 429
2026-02-25 00:52:49,016 [WARNING]   Attempt 2: HTTP 429
2026-02-25 00:52:59,573 [WARNING]   Attempt 3: HTTP 429
2026-02-25 00:53:15,536 [INFO]   -> 1881 rows inserted
2026-02-25 00:53:16,347 [INFO] [67/74] Soundati APMC (14.9562, 75.7897)
2026-02-25 00:53:16,992 [INFO]   -> 1881 rows inserted
2026-02-25 00:53:17,797 [INFO] [68/74] Srirangapattana APMC (12.4021, 76.6989)
2026-02-25 00:53:18,467 [INFO]   -> 1881 rows inserted
2026-02-25 00:53:19,278 [INFO] [69/74] Sulya APMC (12.5577, 75.3908)
2026-02-25 00:53:20,347 [INFO]   -> 1881 rows inserted
2026-02-25 00:53:21,148 [INFO] [70/74] T. Narasipura APMC (12.2654, 77.0230)
2026-02-25 00:53:21,969 [INFO]   -> 1881 rows inserted
2026-02-25 00:53:22,771 [INFO] [71/74] Tarikere APMC (13.6636, 75.7838)
2026-02-25 00:53:23,605 [INFO]   -> 1881 rows inserted
2026-02-25 00:53:24,407 [INFO] [72/74] Tumkur APMC (13.3389, 77.1207)
2026-02-25 00:53:25,191 [INFO]   -> 1881 rows inserted
2026-02-25 00:53:26,002 [INFO] [73/74] Udupi APMC (13.5270, 74.8732)
2026-02-25 00:53:26,774 [INFO]   -> 1881 rows inserted
2026-02-25 00:53:27,580 [INFO] [74/74] Yellapur APMC (14.9634, 74.7121)
2026-02-25 00:53:28,652 [INFO]   -> 1881 rows inserted
2026-02-25 00:53:29,466 [INFO] Weather pipeline complete.
2026-02-25 00:53:29,466 [INFO] You can now join: prices.market = weather.market AND prices.arrival_date = weather.date
2026-02-25 11:24:06,300 [INFO] Fetching weather from 2021-01-29 to 2026-02-23
2026-02-25 11:24:06,302 [INFO] Total markets: 27
2026-02-25 11:24:06,302 [INFO] [1/27] Arakalgud APMC (12.7629, 76.0628)
2026-02-25 11:24:07,517 [INFO]   -> 1852 rows inserted
2026-02-25 11:24:08,327 [INFO] [2/27] Arasikere APMC (13.3160, 76.2568)
2026-02-25 11:24:09,089 [INFO]   -> 1852 rows inserted
2026-02-25 11:24:09,899 [INFO] [3/27] Belur APMC (13.1646, 75.8635)
2026-02-25 11:24:11,412 [INFO]   -> 1852 rows inserted
2026-02-25 11:24:12,214 [INFO] [4/27] Bhadravathi APMC (13.8502, 75.7038)
2026-02-25 11:24:13,368 [INFO]   -> 1852 rows inserted
2026-02-25 11:24:14,179 [INFO] [5/27] Byadagi APMC (14.6791, 75.4229)
2026-02-25 11:24:15,706 [INFO]   -> 1852 rows inserted
2026-02-25 11:24:16,518 [INFO] [6/27] Chamaraj Nagar APMC (13.0221, 77.6006)
2026-02-25 11:24:18,014 [INFO]   -> 1852 rows inserted
2026-02-25 11:24:18,820 [INFO] [7/27] Chickkaballapura APMC (14.9562, 75.7897)
2026-02-25 11:24:19,993 [INFO]   -> 1852 rows inserted
2026-02-25 11:24:20,795 [INFO] [8/27] Doddaballa Pur APMC (13.2930, 77.5431)
2026-02-25 11:24:21,712 [INFO]   -> 1852 rows inserted
2026-02-25 11:24:22,520 [INFO] [9/27] Gundlupet APMC (11.8085, 76.6916)
2026-02-25 11:24:23,677 [INFO]   -> 1852 rows inserted
2026-02-25 11:24:24,484 [INFO] [10/27] Hassan APMC (13.0302, 76.1745)
2026-02-25 11:24:25,673 [INFO]   -> 1852 rows inserted
2026-02-25 11:24:26,488 [INFO] [11/27] Hosanagar APMC (13.9167, 75.0631)
2026-02-25 11:24:27,641 [INFO]   -> 1852 rows inserted
2026-02-25 11:24:28,453 [INFO] [12/27] Hunsur APMC (12.3035, 76.2928)
2026-02-25 11:24:29,513 [INFO]   -> 1852 rows inserted
2026-02-25 11:24:30,320 [INFO] [13/27] K.R. Pet APMC (12.9690, 77.5759)
2026-02-25 11:24:31,492 [INFO]   -> 1852 rows inserted
2026-02-25 11:24:32,327 [INFO] [14/27] Kadur APMC (13.5503, 76.0087)
2026-02-25 11:24:33,386 [INFO]   -> 1852 rows inserted
2026-02-25 11:24:34,213 [INFO] [15/27] Madhugiri APMC (13.6602, 77.2141)
2026-02-25 11:24:37,559 [INFO]   -> 1852 rows inserted
2026-02-25 11:24:38,368 [INFO] [16/27] Mandya APMC (12.6369, 76.7275)
2026-02-25 11:24:40,567 [INFO]   -> 1852 rows inserted
2026-02-25 11:24:41,591 [INFO] [17/27] Moodigere APMC (14.9562, 75.7897)
2026-02-25 11:24:42,594 [WARNING]   Attempt 1: HTTP 429
2026-02-25 11:24:48,549 [WARNING]   Attempt 2: HTTP 429
2026-02-25 11:24:59,668 [WARNING]   Attempt 3: HTTP 429
2026-02-25 11:25:16,839 [INFO]   -> 1852 rows inserted
2026-02-25 11:25:17,771 [INFO] [18/27] Pandavapura APMC (12.5728, 76.6630)
2026-02-25 11:25:24,590 [INFO]   -> 1852 rows inserted
2026-02-25 11:25:26,778 [INFO] [19/27] Piriya Pattana APMC (12.9526, 74.9982)
2026-02-25 11:25:34,607 [INFO]   -> 1852 rows inserted
2026-02-25 11:25:35,677 [INFO] [20/27] Puttur APMC (12.7633, 75.2018)
2026-02-25 11:25:38,428 [INFO]   -> 1852 rows inserted
2026-02-25 11:25:39,525 [INFO] [21/27] Santhesargur APMC (14.9562, 75.7897)
2026-02-25 11:25:42,230 [INFO]   -> 1852 rows inserted
2026-02-25 11:25:43,059 [INFO] [22/27] Shikaripura APMC (14.3109, 75.3838)
2026-02-25 11:25:48,287 [INFO]   -> 1852 rows inserted
2026-02-25 11:25:49,100 [INFO] [23/27] Shimoga APMC (14.0557, 75.2381)
2026-02-25 11:25:50,835 [INFO]   -> 1852 rows inserted
2026-02-25 11:25:51,639 [INFO] [24/27] Shimoga(Theertahalli) APMC (14.0557, 75.2381)
2026-02-25 11:25:53,773 [INFO]   -> 1852 rows inserted
2026-02-25 11:25:54,585 [INFO] [25/27] Shimogga(Theertahalli) APMC (14.9562, 75.7897)
2026-02-25 11:25:56,129 [INFO]   -> 1852 rows inserted
2026-02-25 11:25:56,943 [INFO] [26/27] Sirsi APMC (14.6192, 74.8389)
2026-02-25 11:25:58,158 [INFO]   -> 1852 rows inserted
2026-02-25 11:25:58,966 [INFO] [27/27] Sorabha APMC (14.9562, 75.7897)
2026-02-25 11:26:00,235 [INFO]   -> 1852 rows inserted
2026-02-25 11:26:01,042 [INFO] Weather pipeline complete.
2026-02-25 11:26:01,044 [INFO] You can now join: prices.market = weather.market AND prices.arrival_date = weather.date
2026-02-25 19:20:28,874 [INFO] Fetching weather from 2021-01-01 to 2026-02-25
2026-02-25 19:20:28,878 [INFO] Total markets: 62
2026-02-25 19:20:28,879 [INFO] [1/62] Badami APMC (15.9204, 75.6808)
2026-02-25 19:20:30,163 [INFO]   -> 1882 rows inserted
2026-02-25 19:20:30,964 [INFO] [2/62] Bagalakot APMC (16.1818, 75.6978)
2026-02-25 19:20:32,115 [INFO]   -> 1882 rows inserted
2026-02-25 19:20:32,916 [INFO] [3/62] Bagalkot(Bilagi) APMC (16.1793, 75.6999)
2026-02-25 19:20:33,950 [INFO]   -> 1882 rows inserted
2026-02-25 19:20:34,753 [INFO] [4/62] Bagepalli APMC (13.7923, 77.9237)
2026-02-25 19:20:36,709 [INFO]   -> 1882 rows inserted
2026-02-25 19:20:37,516 [INFO] [5/62] Bailahongal APMC (15.7995, 74.7853)
2026-02-25 19:20:38,363 [INFO]   -> 1882 rows inserted
2026-02-25 19:20:39,167 [INFO] [6/62] Bangalore APMC (12.9768, 77.5901)
2026-02-25 19:20:40,218 [INFO]   -> 1882 rows inserted
2026-02-25 19:20:41,023 [INFO] [7/62] Basava Kalayana APMC (16.2237, 76.3320)
2026-02-25 19:20:42,067 [INFO]   -> 1882 rows inserted
2026-02-25 19:20:42,885 [INFO] [8/62] Bellary APMC (15.1430, 76.9173)
2026-02-25 19:20:43,798 [INFO]   -> 1882 rows inserted
2026-02-25 19:20:44,614 [INFO] [9/62] Bijapur APMC (16.8938, 75.8878)
2026-02-25 19:20:45,532 [INFO]   -> 1882 rows inserted
2026-02-25 19:20:46,341 [INFO] [10/62] Challakere APMC (14.3168, 76.6522)
2026-02-25 19:20:48,809 [INFO]   -> 1882 rows inserted
2026-02-25 19:20:49,615 [INFO] [11/62] Chickkaballapura APMC (14.9562, 75.7897)
2026-02-25 19:20:50,864 [INFO]   -> 1882 rows inserted
2026-02-25 19:20:51,667 [INFO] [12/62] Chikkamagalore APMC (14.9562, 75.7897)
2026-02-25 19:20:53,723 [INFO]   -> 1882 rows inserted
2026-02-25 19:20:54,531 [INFO] [13/62] Chintamani APMC (13.3987, 78.0533)
2026-02-25 19:20:55,567 [INFO]   -> 1882 rows inserted
2026-02-25 19:20:56,379 [INFO] [14/62] Chitradurga APMC (14.3049, 76.5297)
2026-02-25 19:20:57,222 [INFO]   -> 1882 rows inserted
2026-02-25 19:20:58,028 [INFO] [15/62] Chittapur APMC (17.1198, 77.0697)
2026-02-25 19:21:00,285 [INFO]   -> 1882 rows inserted
2026-02-25 19:21:01,095 [INFO] [16/62] Davangere APMC (14.4331, 75.9303)
2026-02-25 19:21:01,856 [INFO]   -> 1882 rows inserted
2026-02-25 19:21:02,662 [INFO] [17/62] Dharwar APMC (17.3411, 76.8375)
2026-02-25 19:21:04,688 [INFO]   -> 1882 rows inserted
2026-02-25 19:21:05,489 [INFO] [18/62] Gadag APMC (15.4167, 75.6816)
2026-02-25 19:21:06,470 [INFO]   -> 1882 rows inserted
2026-02-25 19:21:07,272 [INFO] [19/62] Gangavathi APMC (15.4309, 76.5320)
2026-02-25 19:21:08,227 [INFO]   -> 1882 rows inserted
2026-02-25 19:21:09,033 [INFO] [20/62] Gokak APMC (16.1693, 74.8224)
2026-02-25 19:21:11,766 [INFO]   -> 1882 rows inserted
2026-02-25 19:21:12,581 [INFO] [21/62] Gowribidanoor APMC (14.9562, 75.7897)
2026-02-25 19:21:13,698 [INFO]   -> 1882 rows inserted
2026-02-25 19:21:14,502 [INFO] [22/62] Gubbi APMC (13.3384, 76.8620)
2026-02-25 19:21:15,743 [INFO]   -> 1882 rows inserted
2026-02-25 19:21:16,554 [INFO] [23/62] Gundlupet APMC (11.8085, 76.6916)
2026-02-25 19:21:17,718 [INFO]   -> 1882 rows inserted
2026-02-25 19:21:18,533 [INFO] [24/62] H.B. Halli APMC (16.8162, 77.3623)
2026-02-25 19:21:20,241 [INFO]   -> 1882 rows inserted
2026-02-25 19:21:21,058 [INFO] [25/62] Haveri APMC (14.7180, 75.3656)
2026-02-25 19:21:24,247 [INFO]   -> 1882 rows inserted
2026-02-25 19:21:25,061 [INFO] [26/62] Hiriyur APMC (13.3402, 76.1879)
2026-02-25 19:21:25,987 [INFO]   -> 1882 rows inserted
2026-02-25 19:21:26,789 [INFO] [27/62] Hubli (Amaragol) APMC (15.3518, 75.1380)
2026-02-25 19:21:27,727 [INFO]   -> 1882 rows inserted
2026-02-25 19:21:28,542 [INFO] [28/62] Hungund APMC (16.0484, 76.0667)
2026-02-25 19:21:30,690 [INFO]   -> 1882 rows inserted
2026-02-25 19:21:31,495 [INFO] [29/62] Jagalur APMC (14.4696, 76.3538)
2026-02-25 19:21:32,343 [INFO]   -> 1882 rows inserted
2026-02-25 19:21:33,144 [INFO] [30/62] Kadur APMC (13.5503, 76.0087)
2026-02-25 19:21:35,109 [INFO]   -> 1882 rows inserted
2026-02-25 19:21:35,916 [INFO] [31/62] Kalburgi APMC (16.1838, 75.6979)
2026-02-25 19:21:36,664 [WARNING]   Attempt 1: HTTP 429
2026-02-25 19:21:42,528 [WARNING]   Attempt 2: HTTP 429
2026-02-25 19:21:53,358 [WARNING]   Attempt 3: HTTP 429
2026-02-25 19:22:10,309 [INFO]   -> 1882 rows inserted
2026-02-25 19:22:11,114 [INFO] [32/62] Kolar APMC (13.1805, 78.2669)
2026-02-25 19:22:12,100 [INFO]   -> 1882 rows inserted
2026-02-25 19:22:12,913 [INFO] [33/62] Koppal APMC (15.5748, 76.3118)
2026-02-25 19:22:14,002 [INFO]   -> 1882 rows inserted
2026-02-25 19:22:14,852 [INFO] [34/62] Kottur APMC (14.7806, 76.0098)
2026-02-25 19:22:16,151 [INFO]   -> 1882 rows inserted
2026-02-25 19:22:17,005 [INFO] [35/62] Kumta APMC (14.4372, 74.4212)
2026-02-25 19:22:18,410 [INFO]   -> 1882 rows inserted
2026-02-25 19:22:19,266 [INFO] [36/62] Kundagol APMC (15.2590, 75.2420)
2026-02-25 19:22:22,080 [INFO]   -> 1882 rows inserted
2026-02-25 19:22:22,892 [INFO] [37/62] Kustagi APMC (15.4373, 75.6351)
2026-02-25 19:22:23,727 [INFO]   -> 1882 rows inserted
2026-02-25 19:22:24,538 [INFO] [38/62] Laxmeshwar APMC (14.9562, 75.7897)
2026-02-25 19:22:25,487 [INFO]   -> 1882 rows inserted
2026-02-25 19:22:26,293 [INFO] [39/62] Lingasugur APMC (16.1200, 76.5257)
2026-02-25 19:22:28,381 [INFO]   -> 1882 rows inserted
2026-02-25 19:22:29,193 [INFO] [40/62] Madhugiri APMC (13.6602, 77.2141)
2026-02-25 19:22:30,228 [INFO]   -> 1882 rows inserted
2026-02-25 19:22:31,043 [INFO] [41/62] Mulabagilu APMC (13.1660, 78.3927)
2026-02-25 19:22:33,778 [INFO]   -> 1882 rows inserted
2026-02-25 19:22:34,695 [INFO] [42/62] Mundaragi APMC (15.2052, 75.8840)
2026-02-25 19:22:36,050 [INFO]   -> 1882 rows inserted
2026-02-25 19:22:36,852 [INFO] [43/62] Mundgod APMC (14.9715, 75.0413)
2026-02-25 19:22:38,498 [INFO]   -> 1882 rows inserted
2026-02-25 19:22:39,363 [INFO] [44/62] Mysore (Bandipalya) APMC (12.3052, 76.6554)
2026-02-25 19:22:40,583 [INFO]   -> 1882 rows inserted
2026-02-25 19:22:41,407 [INFO] [45/62] Pavagada APMC (14.2365, 77.4207)
2026-02-25 19:22:42,424 [INFO]   -> 1882 rows inserted
2026-02-25 19:22:43,235 [INFO] [46/62] Raichur APMC (16.0547, 76.9004)
2026-02-25 19:22:45,079 [WARNING]   Attempt 1: HTTP 429
2026-02-25 19:22:50,908 [WARNING]   Attempt 2: HTTP 429
2026-02-25 19:23:02,213 [INFO]   -> 1882 rows inserted
2026-02-25 19:23:03,017 [INFO] [47/62] Ramanagara APMC (12.7253, 77.2805)
2026-02-25 19:23:04,074 [INFO]   -> 1882 rows inserted
2026-02-25 19:23:04,883 [INFO] [48/62] Ramdurga APMC (14.9562, 75.7897)
2026-02-25 19:23:06,498 [INFO]   -> 1882 rows inserted
2026-02-25 19:23:07,314 [INFO] [49/62] Ranebennur APMC (14.7371, 75.5623)
2026-02-25 19:23:09,713 [INFO]   -> 1882 rows inserted
2026-02-25 19:23:10,521 [INFO] [50/62] Rona APMC (15.6801, 75.6563)
2026-02-25 19:23:11,605 [INFO]   -> 1882 rows inserted
2026-02-25 19:23:12,412 [INFO] [51/62] Savanur APMC (14.9750, 75.3397)
2026-02-25 19:23:13,219 [INFO]   -> 1882 rows inserted
2026-02-25 19:23:14,036 [INFO] [52/62] Shahapur APMC (15.8401, 74.5178)
2026-02-25 19:23:15,159 [INFO]   -> 1882 rows inserted
2026-02-25 19:23:16,068 [INFO] [53/62] Shiggauv APMC (14.9562, 75.7897)
2026-02-25 19:23:19,720 [INFO]   -> 1882 rows inserted
2026-02-25 19:23:20,533 [INFO] [54/62] Shimoga APMC (14.0557, 75.2381)
2026-02-25 19:23:24,390 [INFO]   -> 1882 rows inserted
2026-02-25 19:23:25,398 [INFO] [55/62] Sindhanur APMC (15.7686, 76.7550)
2026-02-25 19:23:26,930 [INFO]   -> 1882 rows inserted
2026-02-25 19:23:27,734 [INFO] [56/62] Sira APMC (13.7888, 76.8758)
2026-02-25 19:23:28,962 [INFO]   -> 1882 rows inserted
2026-02-25 19:23:29,772 [INFO] [57/62] Sorabha APMC (14.9562, 75.7897)
2026-02-25 19:23:31,730 [INFO]   -> 1882 rows inserted
2026-02-25 19:23:32,535 [INFO] [58/62] Soundati APMC (14.9562, 75.7897)
2026-02-25 19:23:34,383 [INFO]   -> 1882 rows inserted
2026-02-25 19:23:35,188 [INFO] [59/62] Tarikere APMC (13.6636, 75.7838)
2026-02-25 19:23:36,436 [INFO]   -> 1882 rows inserted
2026-02-25 19:23:37,241 [INFO] [60/62] Tumkur APMC (13.3389, 77.1207)
2026-02-25 19:23:38,187 [INFO]   -> 1882 rows inserted
2026-02-25 19:23:38,991 [INFO] [61/62] Yadgir APMC (16.5744, 76.9254)
2026-02-25 19:23:39,750 [WARNING]   Attempt 1: HTTP 429
2026-02-25 19:23:45,794 [WARNING]   Attempt 2: HTTP 429
2026-02-25 19:23:56,652 [WARNING]   Attempt 3: HTTP 429
2026-02-25 19:24:13,392 [INFO]   -> 1882 rows inserted
2026-02-25 19:24:14,194 [INFO] [62/62] Yalburga APMC (14.9562, 75.7897)
2026-02-25 19:24:15,146 [INFO]   -> 1882 rows inserted
2026-02-25 19:24:15,948 [INFO] Weather pipeline complete.
2026-02-25 19:24:15,949 [INFO] You can now join: prices.market = weather.market AND prices.arrival_date = weather.date
2026-02-26 21:09:46,513 [INFO] Fetching weather from 2021-01-01 to 2026-02-26
2026-02-26 21:09:46,517 [INFO] Total markets: 46
2026-02-26 21:09:46,518 [INFO] [1/46] Arakalgud APMC (12.7629, 76.0628)
2026-02-26 21:09:48,334 [INFO]   -> 1883 rows inserted
2026-02-26 21:09:49,146 [INFO] [2/46] Arasikere APMC (13.3160, 76.2568)
2026-02-26 21:09:49,935 [INFO]   -> 1883 rows inserted
2026-02-26 21:09:50,736 [INFO] [3/46] Bagepalli APMC (13.7923, 77.9237)
2026-02-26 21:09:51,534 [INFO]   -> 1883 rows inserted
2026-02-26 21:09:52,348 [INFO] [4/46] Bangalore APMC (12.9768, 77.5901)
2026-02-26 21:09:54,743 [INFO]   -> 1883 rows inserted
2026-02-26 21:09:55,679 [INFO] [5/46] Bangarpet APMC (12.9855, 78.1782)
2026-02-26 21:09:57,048 [INFO]   -> 1883 rows inserted
2026-02-26 21:09:57,850 [INFO] [6/46] Belgaum APMC (15.8593, 74.6142)
2026-02-26 21:10:00,433 [INFO]   -> 1883 rows inserted
2026-02-26 21:10:01,251 [INFO] [7/46] Bellary APMC (15.1430, 76.9173)
2026-02-26 21:10:02,310 [INFO]   -> 1883 rows inserted
2026-02-26 21:10:03,178 [INFO] [8/46] Belur APMC (13.1646, 75.8635)
2026-02-26 21:10:04,306 [INFO]   -> 1883 rows inserted
2026-02-26 21:10:05,225 [INFO] [9/46] Bhagepalli APMC (14.9562, 75.7897)
2026-02-26 21:10:06,621 [INFO]   -> 1883 rows inserted
2026-02-26 21:10:07,711 [INFO] [10/46] Chamaraj Nagar APMC (13.0221, 77.6006)
2026-02-26 21:10:08,838 [INFO]   -> 1883 rows inserted
2026-02-26 21:10:09,750 [INFO] [11/46] Channarayapatna APMC (12.9156, 76.3970)
2026-02-26 21:10:12,257 [INFO]   -> 1883 rows inserted
2026-02-26 21:10:13,290 [INFO] [12/46] Chickkaballapura APMC (14.9562, 75.7897)
2026-02-26 21:10:14,770 [INFO]   -> 1883 rows inserted
2026-02-26 21:10:15,597 [INFO] [13/46] Chikkamagalore APMC (14.9562, 75.7897)
2026-02-26 21:10:17,595 [INFO]   -> 1883 rows inserted
2026-02-26 21:10:18,400 [INFO] [14/46] Chintamani APMC (13.3987, 78.0533)
2026-02-26 21:10:19,495 [INFO]   -> 1883 rows inserted
2026-02-26 21:10:20,408 [INFO] [15/46] Davangere APMC (14.4331, 75.9303)
2026-02-26 21:10:22,178 [INFO]   -> 1883 rows inserted
2026-02-26 21:10:23,008 [INFO] [16/46] Doddaballa Pur APMC (13.2930, 77.5431)
2026-02-26 21:10:24,098 [INFO]   -> 1883 rows inserted
2026-02-26 21:10:24,980 [INFO] [17/46] Gadag APMC (15.4167, 75.6816)
2026-02-26 21:10:26,978 [INFO]   -> 1883 rows inserted
2026-02-26 21:10:27,795 [INFO] [18/46] Gonikappal APMC (14.9562, 75.7897)
2026-02-26 21:10:29,353 [INFO]   -> 1883 rows inserted
2026-02-26 21:10:30,198 [INFO] [19/46] Gowribidanoor APMC (14.9562, 75.7897)
2026-02-26 21:10:31,333 [INFO]   -> 1883 rows inserted
2026-02-26 21:10:32,139 [INFO] [20/46] Gundlupet APMC (11.8085, 76.6916)
2026-02-26 21:10:33,929 [INFO]   -> 1883 rows inserted
2026-02-26 21:10:34,801 [INFO] [21/46] Hassan APMC (13.0302, 76.1745)
2026-02-26 21:10:35,781 [WARNING]   Attempt 1: HTTP 429
2026-02-26 21:10:41,854 [WARNING]   Attempt 2: HTTP 429
2026-02-26 21:10:53,426 [WARNING]   Attempt 3: HTTP 429
2026-02-26 21:11:12,073 [INFO]   -> 1883 rows inserted
2026-02-26 21:11:12,875 [INFO] [22/46] Haveri APMC (14.7180, 75.3656)
2026-02-26 21:11:15,459 [INFO]   -> 1883 rows inserted
2026-02-26 21:11:16,264 [INFO] [23/46] Hoskote APMC (13.0730, 77.7921)
2026-02-26 21:11:18,214 [INFO]   -> 1883 rows inserted
2026-02-26 21:11:19,077 [INFO] [24/46] Hospet APMC (15.2665, 76.3872)
2026-02-26 21:11:20,206 [INFO]   -> 1883 rows inserted
2026-02-26 21:11:21,013 [INFO] [25/46] Hubli (Amaragol) APMC (15.3518, 75.1380)
2026-02-26 21:11:22,356 [INFO]   -> 1883 rows inserted
2026-02-26 21:11:23,162 [INFO] [26/46] Humanabad APMC (17.7715, 77.1394)
2026-02-26 21:11:24,497 [INFO]   -> 1883 rows inserted
2026-02-26 21:11:25,311 [INFO] [27/46] Hunsur APMC (12.3035, 76.2928)
2026-02-26 21:11:26,424 [INFO]   -> 1883 rows inserted
2026-02-26 21:11:27,238 [INFO] [28/46] K.R. Pet APMC (12.9690, 77.5759)
2026-02-26 21:11:29,180 [INFO]   -> 1883 rows inserted
2026-02-26 21:11:29,990 [INFO] [29/46] K.R.Nagar APMC (12.9779, 77.5927)
2026-02-26 21:11:31,053 [INFO]   -> 1883 rows inserted
2026-02-26 21:11:31,857 [INFO] [30/46] Kadur APMC (13.5503, 76.0087)
2026-02-26 21:11:32,977 [INFO]   -> 1883 rows inserted
2026-02-26 21:11:33,790 [INFO] [31/46] Kalburgi APMC (16.1838, 75.6979)
2026-02-26 21:11:35,635 [INFO]   -> 1883 rows inserted
2026-02-26 21:11:36,448 [INFO] [32/46] Kolar APMC (13.1805, 78.2669)
2026-02-26 21:11:37,784 [INFO]   -> 1883 rows inserted
2026-02-26 21:11:38,587 [INFO] [33/46] Koppal APMC (15.5748, 76.3118)
2026-02-26 21:11:39,634 [INFO]   -> 1883 rows inserted
2026-02-26 21:11:40,449 [INFO] [34/46] Malur APMC (13.0055, 77.9455)
2026-02-26 21:11:41,511 [INFO]   -> 1883 rows inserted
2026-02-26 21:11:42,325 [INFO] [35/46] Mandya APMC (12.6369, 76.7275)
2026-02-26 21:11:43,998 [INFO]   -> 1883 rows inserted
2026-02-26 21:11:44,801 [INFO] [36/46] Mangalore APMC (12.8698, 74.8430)
2026-02-26 21:11:45,648 [WARNING]   Attempt 1: HTTP 429
2026-02-26 21:11:51,486 [WARNING]   Attempt 2: HTTP 429
2026-02-26 21:12:02,889 [INFO]   -> 1883 rows inserted
2026-02-26 21:12:03,696 [INFO] [37/46] Mulabagilu APMC (13.1660, 78.3927)
2026-02-26 21:12:04,982 [INFO]   -> 1883 rows inserted
2026-02-26 21:12:05,819 [INFO] [38/46] Mysore (Bandipalya) APMC (12.3052, 76.6554)
2026-02-26 21:12:06,916 [INFO]   -> 1883 rows inserted
2026-02-26 21:12:07,752 [INFO] [39/46] Nanjangud APMC (12.1221, 76.6843)
2026-02-26 21:12:09,505 [INFO]   -> 1883 rows inserted
2026-02-26 21:12:10,342 [INFO] [40/46] Puttur APMC (12.7633, 75.2018)
2026-02-26 21:12:11,730 [INFO]   -> 1883 rows inserted
2026-02-26 21:12:12,550 [INFO] [41/46] Ramanagara APMC (12.7253, 77.2805)
2026-02-26 21:12:13,937 [INFO]   -> 1883 rows inserted
2026-02-26 21:12:14,756 [INFO] [42/46] Shimoga APMC (14.0557, 75.2381)
2026-02-26 21:12:16,506 [INFO]   -> 1883 rows inserted
2026-02-26 21:12:17,356 [INFO] [43/46] T. Narasipura APMC (12.2654, 77.0230)
2026-02-26 21:12:18,849 [INFO]   -> 1883 rows inserted
2026-02-26 21:12:19,658 [INFO] [44/46] Tarikere APMC (13.6636, 75.7838)
2026-02-26 21:12:23,688 [INFO]   -> 1883 rows inserted
2026-02-26 21:12:24,516 [INFO] [45/46] Tumkur APMC (13.3389, 77.1207)
2026-02-26 21:12:25,649 [INFO]   -> 1883 rows inserted
2026-02-26 21:12:26,509 [INFO] [46/46] Udupi APMC (13.5270, 74.8732)
2026-02-26 21:12:28,086 [INFO]   -> 1883 rows inserted
2026-02-26 21:12:28,891 [INFO] Weather pipeline complete.
2026-02-26 21:12:28,891 [INFO] You can now join: prices.market = weather.market AND prices.arrival_date = weather.date
2026-02-27 00:07:09,918 [INFO] Fetching weather from 2021-01-01 to 2026-02-26
2026-02-27 00:07:09,925 [INFO] Total markets: 95
2026-02-27 00:07:09,926 [INFO] [1/95] Arakalgud APMC (12.7629, 76.0628)
2026-02-27 00:07:11,630 [INFO]   -> 1883 rows inserted
2026-02-27 00:07:12,434 [INFO] [2/95] Bagepalli APMC (13.7923, 77.9237)
2026-02-27 00:07:13,534 [INFO]   -> 1883 rows inserted
2026-02-27 00:07:14,344 [INFO] [3/95] Bailahongal APMC (15.7995, 74.7853)
2026-02-27 00:07:15,627 [INFO]   -> 1883 rows inserted
2026-02-27 00:07:16,434 [INFO] [4/95] Bangalore APMC (12.9768, 77.5901)
2026-02-27 00:07:17,746 [INFO]   -> 1883 rows inserted
2026-02-27 00:07:18,578 [INFO] [5/95] Bangarpet APMC (12.9855, 78.1782)
2026-02-27 00:07:19,880 [INFO]   -> 1883 rows inserted
2026-02-27 00:07:20,686 [INFO] [6/95] Bantwala APMC (14.9562, 75.7897)
2026-02-27 00:07:22,252 [INFO]   -> 1883 rows inserted
2026-02-27 00:07:23,061 [INFO] [7/95] Basava Kalayana APMC (16.2237, 76.3320)
2026-02-27 00:07:24,627 [INFO]   -> 1883 rows inserted
2026-02-27 00:07:25,439 [INFO] [8/95] Bellary APMC (15.1430, 76.9173)
2026-02-27 00:07:27,599 [INFO]   -> 1883 rows inserted
2026-02-27 00:07:28,568 [INFO] [9/95] Belthangdi APMC (14.9562, 75.7897)
2026-02-27 00:07:30,450 [INFO]   -> 1883 rows inserted
2026-02-27 00:07:31,253 [INFO] [10/95] Belur APMC (13.1646, 75.8635)
2026-02-27 00:07:32,583 [INFO]   -> 1883 rows inserted
2026-02-27 00:07:33,396 [INFO] [11/95] Bhadravathi APMC (13.8502, 75.7038)
2026-02-27 00:07:35,698 [INFO]   -> 1883 rows inserted
2026-02-27 00:07:36,515 [INFO] [12/95] Challakere APMC (14.3168, 76.6522)
2026-02-27 00:07:38,578 [INFO]   -> 1883 rows inserted
2026-02-27 00:07:39,502 [INFO] [13/95] Chamaraj Nagar APMC (13.0221, 77.6006)
2026-02-27 00:07:41,227 [INFO]   -> 1883 rows inserted
2026-02-27 00:07:42,041 [INFO] [14/95] Channagiri APMC (14.0252, 75.9250)
2026-02-27 00:07:43,323 [INFO]   -> 1883 rows inserted
2026-02-27 00:07:44,225 [INFO] [15/95] Channarayapatna APMC (12.9156, 76.3970)
2026-02-27 00:07:46,141 [INFO]   -> 1883 rows inserted
2026-02-27 00:07:46,956 [INFO] [16/95] Chikkamagalore APMC (14.9562, 75.7897)
2026-02-27 00:07:47,892 [WARNING]   Attempt 1: HTTP 429
2026-02-27 00:07:53,709 [WARNING]   Attempt 2: HTTP 429
2026-02-27 00:08:05,913 [INFO]   -> 1883 rows inserted
2026-02-27 00:08:06,790 [INFO] [17/95] Chintamani APMC (13.3987, 78.0533)
2026-02-27 00:08:08,878 [INFO]   -> 1883 rows inserted
2026-02-27 00:08:09,759 [INFO] [18/95] Davangere APMC (14.4331, 75.9303)
2026-02-27 00:08:11,834 [INFO]   -> 1883 rows inserted
2026-02-27 00:08:12,662 [INFO] [19/95] Dharwar APMC (17.3411, 76.8375)
2026-02-27 00:08:13,752 [INFO]   -> 1883 rows inserted
2026-02-27 00:08:14,597 [INFO] [20/95] Doddaballa Pur APMC (13.2930, 77.5431)
2026-02-27 00:08:17,251 [INFO]   -> 1883 rows inserted
2026-02-27 00:08:18,088 [INFO] [21/95] Gadag APMC (15.4167, 75.6816)
2026-02-27 00:08:19,737 [INFO]   -> 1883 rows inserted
2026-02-27 00:08:20,584 [INFO] [22/95] Gangavathi APMC (15.4309, 76.5320)
2026-02-27 00:08:22,637 [INFO]   -> 1883 rows inserted
2026-02-27 00:08:23,468 [INFO] [23/95] Gonikappal APMC (14.9562, 75.7897)
2026-02-27 00:08:24,818 [INFO]   -> 1883 rows inserted
2026-02-27 00:08:25,647 [INFO] [24/95] Gowribidanoor APMC (14.9562, 75.7897)
2026-02-27 00:08:27,788 [INFO]   -> 1883 rows inserted
2026-02-27 00:08:28,693 [INFO] [25/95] Gubbi APMC (13.3384, 76.8620)
2026-02-27 00:08:30,965 [INFO]   -> 1883 rows inserted
2026-02-27 00:08:31,786 [INFO] [26/95] Gundlupet APMC (11.8085, 76.6916)
2026-02-27 00:08:33,361 [INFO]   -> 1883 rows inserted
2026-02-27 00:08:34,238 [INFO] [27/95] H.B. Halli APMC (16.8162, 77.3623)
2026-02-27 00:08:37,474 [INFO]   -> 1883 rows inserted
2026-02-27 00:08:38,328 [INFO] [28/95] Haliyala APMC (14.4507, 74.8260)
2026-02-27 00:08:39,520 [INFO]   -> 1883 rows inserted
2026-02-27 00:08:40,333 [INFO] [29/95] Hanagal APMC (14.7417, 75.1638)
2026-02-27 00:08:41,371 [INFO]   -> 1883 rows inserted
2026-02-27 00:08:42,205 [INFO] [30/95] Harappana Halli APMC (17.8401, 76.8685)
2026-02-27 00:08:45,065 [INFO]   -> 1883 rows inserted
2026-02-27 00:08:46,056 [INFO] [31/95] Harihara APMC (14.4650, 75.7466)
2026-02-27 00:08:47,101 [WARNING]   Attempt 1: HTTP 429
2026-02-27 00:08:53,196 [WARNING]   Attempt 2: HTTP 429
2026-02-27 00:09:04,303 [INFO]   -> 1883 rows inserted
2026-02-27 00:09:05,118 [INFO] [32/95] Hassan APMC (13.0302, 76.1745)
2026-02-27 00:09:07,218 [INFO]   -> 1883 rows inserted
2026-02-27 00:09:08,084 [INFO] [33/95] Haveri APMC (14.7180, 75.3656)
2026-02-27 00:09:10,975 [INFO]   -> 1883 rows inserted
2026-02-27 00:09:11,796 [INFO] [34/95] Hirekerur APMC (14.4562, 75.3952)
2026-02-27 00:09:13,398 [INFO]   -> 1883 rows inserted
2026-02-27 00:09:14,319 [INFO] [35/95] Hiriyur APMC (13.3402, 76.1879)
2026-02-27 00:09:15,589 [INFO]   -> 1883 rows inserted
2026-02-27 00:09:16,452 [INFO] [36/95] Holalkere APMC (14.0573, 76.2328)
2026-02-27 00:09:18,854 [INFO]   -> 1883 rows inserted
2026-02-27 00:09:19,665 [INFO] [37/95] Holenarsipura APMC (14.9562, 75.7897)
2026-02-27 00:09:21,282 [INFO]   -> 1883 rows inserted
2026-02-27 00:09:22,091 [INFO] [38/95] Honnali APMC (14.2390, 75.6457)
2026-02-27 00:09:24,091 [INFO]   -> 1883 rows inserted
2026-02-27 00:09:25,026 [INFO] [39/95] Hoovinahadagali APMC (14.9562, 75.7897)
2026-02-27 00:09:26,661 [INFO]   -> 1883 rows inserted
2026-02-27 00:09:27,488 [INFO] [40/95] Hospet APMC (15.2665, 76.3872)
2026-02-27 00:09:28,557 [INFO]   -> 1883 rows inserted
2026-02-27 00:09:29,377 [INFO] [41/95] Hubli (Amaragol) APMC (15.3518, 75.1380)
2026-02-27 00:09:30,538 [INFO]   -> 1883 rows inserted
2026-02-27 00:09:31,377 [INFO] [42/95] Huliyar APMC (13.4140, 76.4781)
2026-02-27 00:09:32,780 [INFO]   -> 1883 rows inserted
2026-02-27 00:09:33,613 [INFO] [43/95] Hunsur APMC (12.3035, 76.2928)
2026-02-27 00:09:38,750 [INFO]   -> 1883 rows inserted
2026-02-27 00:09:39,608 [INFO] [44/95] K.R. Pet APMC (12.9690, 77.5759)
2026-02-27 00:09:45,425 [INFO]   -> 1883 rows inserted
2026-02-27 00:09:46,236 [INFO] [45/95] K.R.Nagar APMC (12.9779, 77.5927)
2026-02-27 00:09:49,206 [INFO]   -> 1883 rows inserted
2026-02-27 00:09:50,044 [INFO] [46/95] Kalagategi APMC (14.9562, 75.7897)
2026-02-27 00:09:51,518 [WARNING]   Attempt 1: HTTP 429
2026-02-27 00:09:57,821 [WARNING]   Attempt 2: HTTP 429
2026-02-27 00:10:09,019 [INFO]   -> 1883 rows inserted
2026-02-27 00:10:09,823 [INFO] [47/95] Kalburgi  (Jevargi) APMC (16.1838, 75.6979)
2026-02-27 00:10:11,143 [INFO]   -> 1883 rows inserted
2026-02-27 00:10:12,109 [INFO] [48/95] Kalburgi APMC (16.1838, 75.6979)
2026-02-27 00:10:14,548 [INFO]   -> 1883 rows inserted
2026-02-27 00:10:15,399 [INFO] [49/95] Karkala APMC (13.2145, 74.9952)
2026-02-27 00:10:17,102 [INFO]   -> 1883 rows inserted
2026-02-27 00:10:17,917 [INFO] [50/95] Karwar APMC (14.8121, 74.1319)
2026-02-27 00:10:19,326 [INFO]   -> 1883 rows inserted
2026-02-27 00:10:20,198 [INFO] [51/95] Kolar APMC (13.1805, 78.2669)
2026-02-27 00:10:26,901 [INFO]   -> 1883 rows inserted
2026-02-27 00:10:27,736 [INFO] [52/95] Kollegal APMC (12.1561, 77.1072)
2026-02-27 00:10:30,262 [INFO]   -> 1883 rows inserted
2026-02-27 00:10:31,071 [INFO] [53/95] Koppa APMC (13.4570, 75.3610)
2026-02-27 00:10:33,270 [INFO]   -> 1883 rows inserted
2026-02-27 00:10:34,145 [INFO] [54/95] Koppal APMC (15.5748, 76.3118)
2026-02-27 00:10:35,912 [INFO]   -> 1883 rows inserted
2026-02-27 00:10:36,738 [INFO] [55/95] Kudchi APMC (16.6262, 74.8514)
2026-02-27 00:10:37,851 [INFO]   -> 1883 rows inserted
2026-02-27 00:10:38,661 [INFO] [56/95] Kumta APMC (14.4372, 74.4212)
2026-02-27 00:10:40,114 [INFO]   -> 1883 rows inserted
2026-02-27 00:10:40,956 [INFO] [57/95] Kunigal APMC (13.0260, 77.0223)
2026-02-27 00:10:42,298 [INFO]   -> 1883 rows inserted
2026-02-27 00:10:43,122 [INFO] [58/95] Kustagi APMC (15.4373, 75.6351)
2026-02-27 00:10:44,330 [INFO]   -> 1883 rows inserted
2026-02-27 00:10:45,217 [INFO] [59/95] Lingasugur APMC (16.1200, 76.5257)
2026-02-27 00:10:46,802 [INFO]   -> 1883 rows inserted
2026-02-27 00:10:47,677 [INFO] [60/95] Maddur APMC (12.5849, 77.0449)
2026-02-27 00:10:48,702 [INFO]   -> 1883 rows inserted
2026-02-27 00:10:49,522 [INFO] [61/95] Madhugiri APMC (13.6602, 77.2141)
2026-02-27 00:10:50,397 [WARNING]   Attempt 1: HTTP 429
2026-02-27 00:10:56,757 [WARNING]   Attempt 2: HTTP 429
2026-02-27 00:11:08,811 [INFO]   -> 1883 rows inserted
2026-02-27 00:11:09,692 [INFO] [62/95] Madikeri APMC (12.4210, 75.7386)
2026-02-27 00:11:10,863 [INFO]   -> 1883 rows inserted
2026-02-27 00:11:12,197 [INFO] [63/95] Malavalli APMC (12.3864, 77.0589)
2026-02-27 00:11:16,199 [INFO]   -> 1883 rows inserted
2026-02-27 00:11:17,230 [INFO] [64/95] Mandya APMC (12.6369, 76.7275)
2026-02-27 00:11:27,022 [INFO]   -> 1883 rows inserted
2026-02-27 00:11:28,150 [INFO] [65/95] Moodigere APMC (14.9562, 75.7897)
2026-02-27 00:11:30,190 [INFO]   -> 1883 rows inserted
2026-02-27 00:11:31,028 [INFO] [66/95] Mundgod APMC (14.9715, 75.0413)
2026-02-27 00:11:32,259 [INFO]   -> 1883 rows inserted
2026-02-27 00:11:33,212 [INFO] [67/95] Mysore (Bandipalya) APMC (12.3052, 76.6554)
2026-02-27 00:11:35,213 [INFO]   -> 1883 rows inserted
2026-02-27 00:11:36,029 [INFO] [68/95] Nagamangala APMC (13.2165, 77.6188)
2026-02-27 00:11:38,618 [INFO]   -> 1883 rows inserted
2026-02-27 00:11:39,498 [INFO] [69/95] Nandagada APMC (15.5767, 74.5693)
2026-02-27 00:11:42,073 [INFO]   -> 1883 rows inserted
2026-02-27 00:11:42,895 [INFO] [70/95] Nanjangud APMC (12.1221, 76.6843)
2026-02-27 00:11:44,564 [INFO]   -> 1883 rows inserted
2026-02-27 00:11:45,385 [INFO] [71/95] Nippani APMC (16.4850, 74.3942)
2026-02-27 00:11:46,801 [INFO]   -> 1883 rows inserted
2026-02-27 00:11:47,664 [INFO] [72/95] Pandavapura APMC (12.5728, 76.6630)
2026-02-27 00:11:50,020 [INFO]   -> 1883 rows inserted
2026-02-27 00:11:50,836 [INFO] [73/95] Pavagada APMC (14.2365, 77.4207)
2026-02-27 00:11:52,418 [INFO]   -> 1883 rows inserted
2026-02-27 00:11:53,230 [INFO] [74/95] Piriya Pattana APMC (12.9526, 74.9982)
2026-02-27 00:11:54,442 [INFO]   -> 1883 rows inserted
2026-02-27 00:11:55,319 [INFO] [75/95] Raichur APMC (16.0547, 76.9004)
2026-02-27 00:11:57,237 [INFO]   -> 1883 rows inserted
2026-02-27 00:11:58,045 [INFO] [76/95] Ranebennur APMC (14.7371, 75.5623)
2026-02-27 00:11:58,755 [WARNING]   Attempt 1: HTTP 429
2026-02-27 00:12:04,671 [INFO]   -> 1883 rows inserted
2026-02-27 00:12:05,472 [INFO] [77/95] Sakaleshpura APMC (12.9434, 75.7862)
2026-02-27 00:12:06,377 [INFO]   -> 1883 rows inserted
2026-02-27 00:12:07,180 [INFO] [78/95] Santhesargur APMC (14.9562, 75.7897)
2026-02-27 00:12:08,126 [INFO]   -> 1883 rows inserted
2026-02-27 00:12:08,929 [INFO] [79/95] Shahapur APMC (15.8401, 74.5178)
2026-02-27 00:12:10,168 [INFO]   -> 1883 rows inserted
2026-02-27 00:12:10,971 [INFO] [80/95] Shiggauv APMC (14.9562, 75.7897)
2026-02-27 00:12:12,999 [INFO]   -> 1883 rows inserted
2026-02-27 00:12:13,804 [INFO] [81/95] Shikaripura APMC (14.3109, 75.3838)
2026-02-27 00:12:14,848 [INFO]   -> 1883 rows inserted
2026-02-27 00:12:15,653 [INFO] [82/95] Shimoga APMC (14.0557, 75.2381)
2026-02-27 00:12:16,838 [INFO]   -> 1883 rows inserted
2026-02-27 00:12:17,651 [INFO] [83/95] Shimoga(Theertahalli) APMC (14.0557, 75.2381)
2026-02-27 00:12:18,831 [INFO]   -> 1883 rows inserted
2026-02-27 00:12:19,638 [INFO] [84/95] Shimogga(Theertahalli) APMC (14.9562, 75.7897)
2026-02-27 00:12:20,433 [INFO]   -> 1883 rows inserted
2026-02-27 00:12:21,235 [INFO] [85/95] Sindhanur APMC (15.7686, 76.7550)
2026-02-27 00:12:22,268 [INFO]   -> 1883 rows inserted
2026-02-27 00:12:23,074 [INFO] [86/95] Sira APMC (13.7888, 76.8758)
2026-02-27 00:12:25,205 [INFO]   -> 1883 rows inserted
2026-02-27 00:12:26,012 [INFO] [87/95] Sirsi APMC (14.6192, 74.8389)
2026-02-27 00:12:26,856 [INFO]   -> 1883 rows inserted
2026-02-27 00:12:27,659 [INFO] [88/95] Somvarpet APMC (12.5974, 75.8499)
2026-02-27 00:12:29,904 [INFO]   -> 1883 rows inserted
2026-02-27 00:12:30,722 [INFO] [89/95] Sorabha APMC (14.9562, 75.7897)
2026-02-27 00:12:31,887 [INFO]   -> 1883 rows inserted
2026-02-27 00:12:32,700 [INFO] [90/95] Srirangapattana APMC (12.4021, 76.6989)
2026-02-27 00:12:33,745 [INFO]   -> 1883 rows inserted
2026-02-27 00:12:34,551 [INFO] [91/95] T. Narasipura APMC (12.2654, 77.0230)
2026-02-27 00:12:35,169 [WARNING]   Attempt 1: HTTP 429
2026-02-27 00:12:41,244 [WARNING]   Attempt 2: HTTP 429
2026-02-27 00:12:51,865 [WARNING]   Attempt 3: HTTP 429
2026-02-27 00:13:08,071 [INFO]   -> 1883 rows inserted
2026-02-27 00:13:08,875 [INFO] [92/95] Tarikere APMC (13.6636, 75.7838)
2026-02-27 00:13:09,816 [INFO]   -> 1883 rows inserted
2026-02-27 00:13:10,620 [INFO] [93/95] Tumkur APMC (13.3389, 77.1207)
2026-02-27 00:13:11,703 [INFO]   -> 1883 rows inserted
2026-02-27 00:13:12,516 [INFO] [94/95] Udupi APMC (13.5270, 74.8732)
2026-02-27 00:13:13,306 [INFO]   -> 1883 rows inserted
2026-02-27 00:13:14,118 [INFO] [95/95] Yellapur APMC (14.9634, 74.7121)
2026-02-27 00:13:15,104 [INFO]   -> 1883 rows inserted
2026-02-27 00:13:15,917 [INFO] Weather pipeline complete.
2026-02-27 00:13:15,917 [INFO] You can now join: prices.market = weather.market AND prices.arrival_date = weather.date
